2017-07-20 15:50:33,961 - isce.insar - INFO - ISCE VERSION = 2.0.0_20170403, RELEASE_SVN_REVISION = 2256,RELEASE_DATE = 20170403, CURRENT_SVN_REVISION = Unversioned directory
2017-07-20 15:52:59,620 - isce.topsinsar.runPreprocessor - INFO - 
####################################################################################################
    runPreprocessor
----------------------------------------------------------------------------------------------------
common.Input list of swaths to process:  = [1, 2, 3]
master.burstLength_1 = 1498
master.burstLength_2 = 1509
master.burstLength_3 = 1515
master.burstWidth_1 = 21180
master.burstWidth_2 = 25091
master.burstWidth_3 = 24233
master.numberOfBursts_1 = 9
master.numberOfBursts_2 = 9
master.numberOfBursts_3 = 9
master.sensor.ascendingnodetime = 2017-02-19 01:48:28.469173
master.sensor.family = topsswathslc
master.sensor.folder = None
master.sensor.imagingmode = TOPS
master.sensor.mission = S1B
master.sensor.name = topsswathslc_name
master.sensor.numberofbursts = 9
master.sensor.processingfacility = DLR-Oberpfaffenhofen, Germany
master.sensor.processingsoftwareversion = 002.72
master.sensor.processingsystem = Sentinel-1 IPF
master.sensor.spacecraftname = Sentinel-1
slave.burstLength_1 = 1499
slave.burstLength_2 = 1510
slave.burstLength_3 = 1515
slave.burstWidth_1 = 21367
slave.burstWidth_2 = 25259
slave.burstWidth_3 = 24383
slave.numberOfBursts_1 = 9
slave.numberOfBursts_2 = 9
slave.numberOfBursts_3 = 9
slave.sensor.ascendingnodetime = 2017-01-26 01:48:28.837358
slave.sensor.family = topsswathslc
slave.sensor.folder = None
slave.sensor.imagingmode = TOPS
slave.sensor.mission = S1B
slave.sensor.name = topsswathslc_name
slave.sensor.numberofbursts = 9
slave.sensor.processingfacility = DLR-Oberpfaffenhofen, Germany
slave.sensor.processingsoftwareversion = 002.72
slave.sensor.processingsystem = Sentinel-1 IPF
slave.sensor.spacecraftname = Sentinel-1
####################################################################################################
2017-07-20 15:53:04,005 - isce.topsinsar.runPreprocessor - INFO - 
####################################################################################################
    runComputeBaseline
----------------------------------------------------------------------------------------------------
baseline.IW-1 Bpar at midrange for first common burst = 55.1754645273
baseline.IW-1 Bpar at midrange for last common burst = 55.7684302494
baseline.IW-1 Bperp at midrange for first common burst = -102.474316154
baseline.IW-1 Bperp at midrange for last common burst = -104.271218735
baseline.IW-1 First common burst in master = 0
baseline.IW-1 First common burst in slave = 0
baseline.IW-1 Last common burst in master = 9
baseline.IW-1 Last common burst in slave = 9
baseline.IW-1 Number of bursts in master = 9
baseline.IW-1 Number of bursts in slave = 9
baseline.IW-1 Number of common bursts = 9
baseline.IW-2 Bpar at midrange for first common burst = 63.2185687403
baseline.IW-2 Bpar at midrange for last common burst = 63.9693092343
baseline.IW-2 Bperp at midrange for first common burst = -97.5804299675
baseline.IW-2 Bperp at midrange for last common burst = -99.3160240718
baseline.IW-2 First common burst in master = 0
baseline.IW-2 First common burst in slave = 0
baseline.IW-2 Last common burst in master = 9
baseline.IW-2 Last common burst in slave = 9
baseline.IW-2 Number of bursts in master = 9
baseline.IW-2 Number of bursts in slave = 9
baseline.IW-2 Number of common bursts = 9
baseline.IW-3 Bpar at midrange for first common burst = 69.7524032901
baseline.IW-3 Bpar at midrange for last common burst = 70.6257925479
baseline.IW-3 Bperp at midrange for first common burst = -93.1855729266
baseline.IW-3 Bperp at midrange for last common burst = -94.8523598512
baseline.IW-3 First common burst in master = 0
baseline.IW-3 First common burst in slave = 0
baseline.IW-3 Last common burst in master = 9
baseline.IW-3 Last common burst in slave = 9
baseline.IW-3 Number of bursts in master = 9
baseline.IW-3 Number of bursts in slave = 9
baseline.IW-3 Number of common bursts = 9
####################################################################################################
2017-07-20 15:53:04,648 - isce.zerodop.topozero - WARNING - Default Peg heading set to: -0.253469600351
2017-07-20 15:55:09,816 - isce.zerodop.topozero - WARNING - Default Peg heading set to: -0.253961502555
2017-07-20 15:58:01,339 - isce.zerodop.topozero - WARNING - Default Peg heading set to: -0.254458608082
2017-07-20 16:00:42,474 - isce.zerodop.topozero - WARNING - Default Peg heading set to: -0.254960604667
2017-07-20 16:03:46,212 - isce.zerodop.topozero - WARNING - Default Peg heading set to: -0.255468303972
2017-07-20 16:06:13,683 - isce.zerodop.topozero - WARNING - Default Peg heading set to: -0.255981011344
2017-07-20 16:07:51,781 - isce.zerodop.topozero - WARNING - Default Peg heading set to: -0.256500334202
2017-07-20 16:09:28,862 - isce.zerodop.topozero - WARNING - Default Peg heading set to: -0.257024021307
2017-07-20 16:11:05,035 - isce.zerodop.topozero - WARNING - Default Peg heading set to: -0.257553688763
2017-07-20 16:13:19,629 - isce.zerodop.topozero - WARNING - Default Peg heading set to: -0.253151104584
2017-07-20 16:14:50,204 - isce.zerodop.topozero - WARNING - Default Peg heading set to: -0.253639641027
2017-07-20 16:16:21,899 - isce.zerodop.topozero - WARNING - Default Peg heading set to: -0.254133340956
2017-07-20 16:18:49,198 - isce.zerodop.topozero - WARNING - Default Peg heading set to: -0.254631892761
2017-07-20 16:21:40,665 - isce.zerodop.topozero - WARNING - Default Peg heading set to: -0.255136103395
2017-07-20 16:24:17,583 - isce.zerodop.topozero - WARNING - Default Peg heading set to: -0.255645284439
2017-07-20 16:26:01,700 - isce.zerodop.topozero - WARNING - Default Peg heading set to: -0.256160643453
2017-07-20 16:27:10,657 - isce.zerodop.topozero - WARNING - Default Peg heading set to: -0.256681882509
2017-07-20 16:28:28,677 - isce.zerodop.topozero - WARNING - Default Peg heading set to: -0.257207110348
2017-07-20 16:29:51,716 - isce.zerodop.topozero - WARNING - Default Peg heading set to: -0.25332161766
2017-07-20 16:32:30,916 - isce.zerodop.topozero - WARNING - Default Peg heading set to: -0.253811955812
2017-07-20 16:35:01,490 - isce.zerodop.topozero - WARNING - Default Peg heading set to: -0.254307107206
2017-07-20 16:37:32,031 - isce.zerodop.topozero - WARNING - Default Peg heading set to: -0.254807874108
2017-07-20 16:40:14,712 - isce.zerodop.topozero - WARNING - Default Peg heading set to: -0.255313952009
2017-07-20 16:42:54,307 - isce.zerodop.topozero - WARNING - Default Peg heading set to: -0.255825403747
2017-07-20 16:45:25,085 - isce.zerodop.topozero - WARNING - Default Peg heading set to: -0.256342293281
2017-07-20 16:48:13,490 - isce.zerodop.topozero - WARNING - Default Peg heading set to: -0.256864296804
2017-07-20 16:51:35,637 - isce.zerodop.topozero - WARNING - Default Peg heading set to: -0.257392654747
2017-07-20 16:54:19,098 - isce.topsinsar.topo - INFO - 
####################################################################################################
    runTopo
----------------------------------------------------------------------------------------------------
topo.Bounding box for burst 0 - IW-1 = [47.14631800175534, 47.480307954992185, -124.33082162898896, -123.11612137730404]
topo.Bounding box for burst 0 - IW-2 = [47.17861640640917, 47.50835835747063, -123.20190421304184, -121.94130574750095]
topo.Bounding box for burst 0 - IW-3 = [47.37260581459131, 47.67698087212691, -122.0650864705636, -120.92315706430676]
topo.Bounding box for burst 1 - IW-1 = [47.3114840558874, 47.64803843366406, -124.37944479092147, -123.15583695957893]
topo.Bounding box for burst 1 - IW-2 = [47.344076242166004, 47.67280946703761, -123.23498553351307, -121.9768931789473]
topo.Bounding box for burst 1 - IW-3 = [47.537665948711044, 47.84198481890425, -122.10463290065236, -120.96655562615612]
topo.Bounding box for burst 2 - IW-1 = [47.476638438833156, 47.81417733843561, -124.42828267766791, -123.1850630554252]
topo.Bounding box for burst 2 - IW-2 = [47.5104760441849, 47.83786102830953, -123.27472203465103, -122.0252749836842]
topo.Bounding box for burst 2 - IW-3 = [47.70288040438762, 48.00682123487139, -122.14710776988598, -121.00610398871444]
topo.Bounding box for burst 3 - IW-1 = [47.64165224877255, 47.97742846184924, -124.47486573942565, -123.21614187819927]
topo.Bounding box for burst 3 - IW-2 = [47.67640143055259, 48.003128365590214, -123.3137240960763, -122.06700880393228]
topo.Bounding box for burst 3 - IW-3 = [47.868307771908306, 48.172267614987554, -122.1893574934078, -121.03869094014854]
topo.Bounding box for burst 4 - IW-1 = [47.807090074835756, 48.14040693317219, -124.52456818103136, -123.27128780785823]
topo.Bounding box for burst 4 - IW-2 = [47.84306362906517, 48.16832116482935, -123.3762557022382, -122.10777627916448]
topo.Bounding box for burst 4 - IW-3 = [48.033356192588535, 48.3366553307009, -122.23002367860981, -121.07875435048902]
topo.Bounding box for burst 5 - IW-1 = [47.97212430514938, 48.30549508005671, -124.57521147737933, -123.34277866916611]
topo.Bounding box for burst 5 - IW-2 = [48.0058329195776, 48.33367863867239, -123.4314330965661, -122.15045020278386]
topo.Bounding box for burst 5 - IW-3 = [48.19863741523805, 48.50223766001521, -122.27020853673459, -121.11465210783156]
topo.Bounding box for burst 6 - IW-1 = [48.13770915827667, 48.47098308992986, -124.62115774817485, -123.38834104472701]
topo.Bounding box for burst 6 - IW-2 = [48.169758056255084, 48.49878277813393, -123.47726391166601, -122.18888821552206]
topo.Bounding box for burst 6 - IW-3 = [48.36449387028746, 48.666759504794975, -122.31438002726352, -121.15630953675547]
topo.Bounding box for burst 7 - IW-1 = [48.3028996805472, 48.636003267364224, -124.67534325123954, -123.43362938236234]
topo.Bounding box for burst 7 - IW-2 = [48.335207958318264, 48.66446796322833, -123.51889208173735, -122.2302159087522]
topo.Bounding box for burst 7 - IW-3 = [48.529025563820426, 48.83261684040693, -122.35430518330014, -121.19025011149571]
topo.Bounding box for burst 8 - IW-1 = [48.467122398884555, 48.80166638563267, -124.72041043137023, -123.47980238108028]
topo.Bounding box for burst 8 - IW-2 = [48.50047103973391, 48.82937954139897, -123.56700877579996, -122.26342352792348]
topo.Bounding box for burst 8 - IW-3 = [48.69521456031348, 48.998740263501176, -122.39859954912086, -121.23179975884544]
topo.Dem Used = /Users/scott/Data/dems/demLat_N39_N53_Lon_W127_W116.dem.wgs84
topo.Number of common bursts IW-1 = 9
topo.Number of common bursts IW-2 = 9
topo.Number of common bursts IW-3 = 9
topo.Number of lines for burst 0 - IW-1 = 1498
topo.Number of lines for burst 0 - IW-2 = 1509
topo.Number of lines for burst 0 - IW-3 = 1515
topo.Number of lines for burst 1 - IW-1 = 1498
topo.Number of lines for burst 1 - IW-2 = 1509
topo.Number of lines for burst 1 - IW-3 = 1515
topo.Number of lines for burst 2 - IW-1 = 1498
topo.Number of lines for burst 2 - IW-2 = 1509
topo.Number of lines for burst 2 - IW-3 = 1515
topo.Number of lines for burst 3 - IW-1 = 1498
topo.Number of lines for burst 3 - IW-2 = 1509
topo.Number of lines for burst 3 - IW-3 = 1515
topo.Number of lines for burst 4 - IW-1 = 1498
topo.Number of lines for burst 4 - IW-2 = 1509
topo.Number of lines for burst 4 - IW-3 = 1515
topo.Number of lines for burst 5 - IW-1 = 1498
topo.Number of lines for burst 5 - IW-2 = 1509
topo.Number of lines for burst 5 - IW-3 = 1515
topo.Number of lines for burst 6 - IW-1 = 1498
topo.Number of lines for burst 6 - IW-2 = 1509
topo.Number of lines for burst 6 - IW-3 = 1515
topo.Number of lines for burst 7 - IW-1 = 1498
topo.Number of lines for burst 7 - IW-2 = 1509
topo.Number of lines for burst 7 - IW-3 = 1515
topo.Number of lines for burst 8 - IW-1 = 1498
topo.Number of lines for burst 8 - IW-2 = 1509
topo.Number of lines for burst 8 - IW-3 = 1515
topo.Number of pixels for bursts 0 - IW-1 = 21180
topo.Number of pixels for bursts 0 - IW-2 = 25091
topo.Number of pixels for bursts 0 - IW-3 = 24233
topo.Number of pixels for bursts 1 - IW-1 = 21180
topo.Number of pixels for bursts 1 - IW-2 = 25091
topo.Number of pixels for bursts 1 - IW-3 = 24233
topo.Number of pixels for bursts 2 - IW-1 = 21180
topo.Number of pixels for bursts 2 - IW-2 = 25091
topo.Number of pixels for bursts 2 - IW-3 = 24233
topo.Number of pixels for bursts 3 - IW-1 = 21180
topo.Number of pixels for bursts 3 - IW-2 = 25091
topo.Number of pixels for bursts 3 - IW-3 = 24233
topo.Number of pixels for bursts 4 - IW-1 = 21180
topo.Number of pixels for bursts 4 - IW-2 = 25091
topo.Number of pixels for bursts 4 - IW-3 = 24233
topo.Number of pixels for bursts 5 - IW-1 = 21180
topo.Number of pixels for bursts 5 - IW-2 = 25091
topo.Number of pixels for bursts 5 - IW-3 = 24233
topo.Number of pixels for bursts 6 - IW-1 = 21180
topo.Number of pixels for bursts 6 - IW-2 = 25091
topo.Number of pixels for bursts 6 - IW-3 = 24233
topo.Number of pixels for bursts 7 - IW-1 = 21180
topo.Number of pixels for bursts 7 - IW-2 = 25091
topo.Number of pixels for bursts 7 - IW-3 = 24233
topo.Number of pixels for bursts 8 - IW-1 = 21180
topo.Number of pixels for bursts 8 - IW-2 = 25091
topo.Number of pixels for bursts 8 - IW-3 = 24233
topo.Overall bounding box = [47.14631800175534, 48.998740263501176, -124.72041043137023, -120.92315706430676]
####################################################################################################
2017-07-20 16:54:24,279 - isce.topsinsar.overlaps - INFO - 
####################################################################################################
    runSubsetOverlaps
----------------------------------------------------------------------------------------------------
subset.Overlap 0 number of lines - IW-1 = 156
subset.Overlap 0 number of lines - IW-2 = 167
subset.Overlap 0 number of lines - IW-3 = 173
subset.Overlap 0 number of valid lines - IW-1 = 120
subset.Overlap 0 number of valid lines - IW-2 = 119
subset.Overlap 0 number of valid lines - IW-3 = 122
subset.Overlap 0 start time - IW-1 = 2017-02-19 02:01:21.416751
subset.Overlap 0 start time - IW-2 = 2017-02-19 02:01:19.603750
subset.Overlap 0 start time - IW-3 = 2017-02-19 02:01:20.563694
subset.Overlap 0 stop time - IW-1 = 2017-02-19 02:01:21.735362
subset.Overlap 0 stop time - IW-2 = 2017-02-19 02:01:19.944973
subset.Overlap 0 stop time - IW-3 = 2017-02-19 02:01:20.917250
subset.Overlap 1 number of lines - IW-1 = 156
subset.Overlap 1 number of lines - IW-2 = 167
subset.Overlap 1 number of lines - IW-3 = 174
subset.Overlap 1 number of valid lines - IW-1 = 121
subset.Overlap 1 number of valid lines - IW-2 = 121
subset.Overlap 1 number of valid lines - IW-3 = 123
subset.Overlap 1 start time - IW-1 = 2017-02-19 02:01:24.175307
subset.Overlap 1 start time - IW-2 = 2017-02-19 02:01:22.362307
subset.Overlap 1 start time - IW-3 = 2017-02-19 02:01:23.320195
subset.Overlap 1 stop time - IW-1 = 2017-02-19 02:01:24.493919
subset.Overlap 1 stop time - IW-2 = 2017-02-19 02:01:22.703529
subset.Overlap 1 stop time - IW-3 = 2017-02-19 02:01:23.675806
subset.Overlap 2 number of lines - IW-1 = 157
subset.Overlap 2 number of lines - IW-2 = 168
subset.Overlap 2 number of lines - IW-3 = 173
subset.Overlap 2 number of valid lines - IW-1 = 121
subset.Overlap 2 number of valid lines - IW-2 = 121
subset.Overlap 2 number of valid lines - IW-3 = 121
subset.Overlap 2 start time - IW-1 = 2017-02-19 02:01:26.931808
subset.Overlap 2 start time - IW-2 = 2017-02-19 02:01:25.118808
subset.Overlap 2 start time - IW-3 = 2017-02-19 02:01:26.078752
subset.Overlap 2 stop time - IW-1 = 2017-02-19 02:01:27.252475
subset.Overlap 2 stop time - IW-2 = 2017-02-19 02:01:25.462086
subset.Overlap 2 stop time - IW-3 = 2017-02-19 02:01:26.432307
subset.Overlap 3 number of lines - IW-1 = 156
subset.Overlap 3 number of lines - IW-2 = 167
subset.Overlap 3 number of lines - IW-3 = 173
subset.Overlap 3 number of valid lines - IW-1 = 122
subset.Overlap 3 number of valid lines - IW-2 = 121
subset.Overlap 3 number of valid lines - IW-3 = 121
subset.Overlap 3 start time - IW-1 = 2017-02-19 02:01:29.690365
subset.Overlap 3 start time - IW-2 = 2017-02-19 02:01:27.877364
subset.Overlap 3 start time - IW-3 = 2017-02-19 02:01:28.837308
subset.Overlap 3 stop time - IW-1 = 2017-02-19 02:01:30.008976
subset.Overlap 3 stop time - IW-2 = 2017-02-19 02:01:28.218587
subset.Overlap 3 stop time - IW-3 = 2017-02-19 02:01:29.190864
subset.Overlap 4 number of lines - IW-1 = 157
subset.Overlap 4 number of lines - IW-2 = 168
subset.Overlap 4 number of lines - IW-3 = 173
subset.Overlap 4 number of valid lines - IW-1 = 121
subset.Overlap 4 number of valid lines - IW-2 = 121
subset.Overlap 4 number of valid lines - IW-3 = 120
subset.Overlap 4 start time - IW-1 = 2017-02-19 02:01:32.446866
subset.Overlap 4 start time - IW-2 = 2017-02-19 02:01:30.633865
subset.Overlap 4 start time - IW-3 = 2017-02-19 02:01:31.595865
subset.Overlap 4 stop time - IW-1 = 2017-02-19 02:01:32.767533
subset.Overlap 4 stop time - IW-2 = 2017-02-19 02:01:30.977143
subset.Overlap 4 stop time - IW-3 = 2017-02-19 02:01:31.949420
subset.Overlap 5 number of lines - IW-1 = 154
subset.Overlap 5 number of lines - IW-2 = 166
subset.Overlap 5 number of lines - IW-3 = 173
subset.Overlap 5 number of valid lines - IW-1 = 115
subset.Overlap 5 number of valid lines - IW-2 = 119
subset.Overlap 5 number of valid lines - IW-3 = 121
subset.Overlap 5 start time - IW-1 = 2017-02-19 02:01:35.209533
subset.Overlap 5 start time - IW-2 = 2017-02-19 02:01:33.394477
subset.Overlap 5 start time - IW-3 = 2017-02-19 02:01:34.354421
subset.Overlap 5 stop time - IW-1 = 2017-02-19 02:01:35.524034
subset.Overlap 5 stop time - IW-2 = 2017-02-19 02:01:33.733644
subset.Overlap 5 stop time - IW-3 = 2017-02-19 02:01:34.707977
subset.Overlap 6 number of lines - IW-1 = 157
subset.Overlap 6 number of lines - IW-2 = 165
subset.Overlap 6 number of lines - IW-3 = 174
subset.Overlap 6 number of valid lines - IW-1 = 119
subset.Overlap 6 number of valid lines - IW-2 = 117
subset.Overlap 6 number of valid lines - IW-3 = 121
subset.Overlap 6 start time - IW-1 = 2017-02-19 02:01:37.966034
subset.Overlap 6 start time - IW-2 = 2017-02-19 02:01:36.157145
subset.Overlap 6 start time - IW-3 = 2017-02-19 02:01:37.110922
subset.Overlap 6 stop time - IW-1 = 2017-02-19 02:01:38.286701
subset.Overlap 6 stop time - IW-2 = 2017-02-19 02:01:36.494256
subset.Overlap 6 stop time - IW-3 = 2017-02-19 02:01:37.466533
subset.Overlap 7 number of lines - IW-1 = 156
subset.Overlap 7 number of lines - IW-2 = 169
subset.Overlap 7 number of lines - IW-3 = 172
subset.Overlap 7 number of valid lines - IW-1 = 121
subset.Overlap 7 number of valid lines - IW-2 = 122
subset.Overlap 7 number of valid lines - IW-3 = 117
subset.Overlap 7 start time - IW-1 = 2017-02-19 02:01:40.724591
subset.Overlap 7 start time - IW-2 = 2017-02-19 02:01:38.911590
subset.Overlap 7 start time - IW-3 = 2017-02-19 02:01:39.871534
subset.Overlap 7 stop time - IW-1 = 2017-02-19 02:01:41.043202
subset.Overlap 7 stop time - IW-2 = 2017-02-19 02:01:39.256924
subset.Overlap 7 stop time - IW-3 = 2017-02-19 02:01:40.223034
####################################################################################################
2017-07-20 16:54:24,762 - isce.topsinsar.coarseoffsets - INFO - Overlap pair 0, IW-1: Burst 0 of master matched with Burst 0 of slave
2017-07-20 16:54:25,268 - isce.topsinsar.coarseoffsets - INFO - Additional time offset applied in geo2rdr: 0.0 secs
2017-07-20 16:54:25,268 - isce.topsinsar.coarseoffsets - INFO - Additional range offset applied in geo2rdr: 0.0 m
2017-07-20 16:54:29,888 - isce.topsinsar.coarseoffsets - INFO - Overlap pair 0 - IW-1: Burst 1 of master matched with Burst 1 of slave
2017-07-20 16:54:30,046 - isce.topsinsar.coarseoffsets - INFO - Additional time offset applied in geo2rdr: 0.0 secs
2017-07-20 16:54:30,046 - isce.topsinsar.coarseoffsets - INFO - Additional range offset applied in geo2rdr: 0.0 m
2017-07-20 16:54:33,998 - isce.topsinsar.coarseoffsets - INFO - Overlap pair 1, IW-1: Burst 1 of master matched with Burst 1 of slave
2017-07-20 16:54:34,305 - isce.topsinsar.coarseoffsets - INFO - Additional time offset applied in geo2rdr: 0.0 secs
2017-07-20 16:54:34,306 - isce.topsinsar.coarseoffsets - INFO - Additional range offset applied in geo2rdr: 0.0 m
2017-07-20 16:54:38,285 - isce.topsinsar.coarseoffsets - INFO - Overlap pair 1 - IW-1: Burst 2 of master matched with Burst 2 of slave
2017-07-20 16:54:38,312 - isce.topsinsar.coarseoffsets - INFO - Additional time offset applied in geo2rdr: 0.0 secs
2017-07-20 16:54:38,312 - isce.topsinsar.coarseoffsets - INFO - Additional range offset applied in geo2rdr: 0.0 m
2017-07-20 16:54:42,916 - isce.topsinsar.coarseoffsets - INFO - Overlap pair 2, IW-1: Burst 2 of master matched with Burst 2 of slave
2017-07-20 16:54:43,418 - isce.topsinsar.coarseoffsets - INFO - Additional time offset applied in geo2rdr: 0.0 secs
2017-07-20 16:54:43,418 - isce.topsinsar.coarseoffsets - INFO - Additional range offset applied in geo2rdr: 0.0 m
2017-07-20 16:54:50,883 - isce.topsinsar.coarseoffsets - INFO - Overlap pair 2 - IW-1: Burst 3 of master matched with Burst 3 of slave
2017-07-20 16:54:50,986 - isce.topsinsar.coarseoffsets - INFO - Additional time offset applied in geo2rdr: 0.0 secs
2017-07-20 16:54:50,986 - isce.topsinsar.coarseoffsets - INFO - Additional range offset applied in geo2rdr: 0.0 m
2017-07-20 16:54:55,441 - isce.topsinsar.coarseoffsets - INFO - Overlap pair 3, IW-1: Burst 3 of master matched with Burst 3 of slave
2017-07-20 16:54:55,739 - isce.topsinsar.coarseoffsets - INFO - Additional time offset applied in geo2rdr: 0.0 secs
2017-07-20 16:54:55,739 - isce.topsinsar.coarseoffsets - INFO - Additional range offset applied in geo2rdr: 0.0 m
2017-07-20 16:54:59,873 - isce.topsinsar.coarseoffsets - INFO - Overlap pair 3 - IW-1: Burst 4 of master matched with Burst 4 of slave
2017-07-20 16:54:59,897 - isce.topsinsar.coarseoffsets - INFO - Additional time offset applied in geo2rdr: 0.0 secs
2017-07-20 16:54:59,897 - isce.topsinsar.coarseoffsets - INFO - Additional range offset applied in geo2rdr: 0.0 m
2017-07-20 16:55:05,336 - isce.topsinsar.coarseoffsets - INFO - Overlap pair 4, IW-1: Burst 4 of master matched with Burst 4 of slave
2017-07-20 16:55:05,428 - isce.topsinsar.coarseoffsets - INFO - Additional time offset applied in geo2rdr: 0.0 secs
2017-07-20 16:55:05,428 - isce.topsinsar.coarseoffsets - INFO - Additional range offset applied in geo2rdr: 0.0 m
2017-07-20 16:55:09,786 - isce.topsinsar.coarseoffsets - INFO - Overlap pair 4 - IW-1: Burst 5 of master matched with Burst 5 of slave
2017-07-20 16:55:09,811 - isce.topsinsar.coarseoffsets - INFO - Additional time offset applied in geo2rdr: 0.0 secs
2017-07-20 16:55:09,811 - isce.topsinsar.coarseoffsets - INFO - Additional range offset applied in geo2rdr: 0.0 m
2017-07-20 16:55:14,809 - isce.topsinsar.coarseoffsets - INFO - Overlap pair 5, IW-1: Burst 5 of master matched with Burst 5 of slave
2017-07-20 16:55:15,371 - isce.topsinsar.coarseoffsets - INFO - Additional time offset applied in geo2rdr: 0.0 secs
2017-07-20 16:55:15,371 - isce.topsinsar.coarseoffsets - INFO - Additional range offset applied in geo2rdr: 0.0 m
2017-07-20 16:55:19,937 - isce.topsinsar.coarseoffsets - INFO - Overlap pair 5 - IW-1: Burst 6 of master matched with Burst 6 of slave
2017-07-20 16:55:19,961 - isce.topsinsar.coarseoffsets - INFO - Additional time offset applied in geo2rdr: 0.0 secs
2017-07-20 16:55:19,961 - isce.topsinsar.coarseoffsets - INFO - Additional range offset applied in geo2rdr: 0.0 m
2017-07-20 16:55:24,728 - isce.topsinsar.coarseoffsets - INFO - Overlap pair 6, IW-1: Burst 6 of master matched with Burst 6 of slave
2017-07-20 16:55:24,903 - isce.topsinsar.coarseoffsets - INFO - Additional time offset applied in geo2rdr: 0.0 secs
2017-07-20 16:55:24,903 - isce.topsinsar.coarseoffsets - INFO - Additional range offset applied in geo2rdr: 0.0 m
2017-07-20 16:55:28,431 - isce.topsinsar.coarseoffsets - INFO - Overlap pair 6 - IW-1: Burst 7 of master matched with Burst 7 of slave
2017-07-20 16:55:28,454 - isce.topsinsar.coarseoffsets - INFO - Additional time offset applied in geo2rdr: 0.0 secs
2017-07-20 16:55:28,454 - isce.topsinsar.coarseoffsets - INFO - Additional range offset applied in geo2rdr: 0.0 m
2017-07-20 16:55:32,045 - isce.topsinsar.coarseoffsets - INFO - Overlap pair 7, IW-1: Burst 7 of master matched with Burst 7 of slave
2017-07-20 16:55:32,305 - isce.topsinsar.coarseoffsets - INFO - Additional time offset applied in geo2rdr: 0.0 secs
2017-07-20 16:55:32,305 - isce.topsinsar.coarseoffsets - INFO - Additional range offset applied in geo2rdr: 0.0 m
2017-07-20 16:55:35,979 - isce.topsinsar.coarseoffsets - INFO - Overlap pair 7 - IW-1: Burst 8 of master matched with Burst 8 of slave
2017-07-20 16:55:36,002 - isce.topsinsar.coarseoffsets - INFO - Additional time offset applied in geo2rdr: 0.0 secs
2017-07-20 16:55:36,002 - isce.topsinsar.coarseoffsets - INFO - Additional range offset applied in geo2rdr: 0.0 m
2017-07-20 16:55:40,136 - isce.topsinsar.coarseoffsets - INFO - Overlap pair 0, IW-2: Burst 0 of master matched with Burst 0 of slave
2017-07-20 16:55:40,321 - isce.topsinsar.coarseoffsets - INFO - Additional time offset applied in geo2rdr: 0.0 secs
2017-07-20 16:55:40,321 - isce.topsinsar.coarseoffsets - INFO - Additional range offset applied in geo2rdr: 0.0 m
2017-07-20 16:55:45,547 - isce.topsinsar.coarseoffsets - INFO - Overlap pair 0 - IW-2: Burst 1 of master matched with Burst 1 of slave
2017-07-20 16:55:45,588 - isce.topsinsar.coarseoffsets - INFO - Additional time offset applied in geo2rdr: 0.0 secs
2017-07-20 16:55:45,588 - isce.topsinsar.coarseoffsets - INFO - Additional range offset applied in geo2rdr: 0.0 m
2017-07-20 16:55:49,884 - isce.topsinsar.coarseoffsets - INFO - Overlap pair 1, IW-2: Burst 1 of master matched with Burst 1 of slave
2017-07-20 16:55:50,020 - isce.topsinsar.coarseoffsets - INFO - Additional time offset applied in geo2rdr: 0.0 secs
2017-07-20 16:55:50,021 - isce.topsinsar.coarseoffsets - INFO - Additional range offset applied in geo2rdr: 0.0 m
2017-07-20 16:55:54,568 - isce.topsinsar.coarseoffsets - INFO - Overlap pair 1 - IW-2: Burst 2 of master matched with Burst 2 of slave
2017-07-20 16:55:54,604 - isce.topsinsar.coarseoffsets - INFO - Additional time offset applied in geo2rdr: 0.0 secs
2017-07-20 16:55:54,604 - isce.topsinsar.coarseoffsets - INFO - Additional range offset applied in geo2rdr: 0.0 m
2017-07-20 16:55:59,620 - isce.topsinsar.coarseoffsets - INFO - Overlap pair 2, IW-2: Burst 2 of master matched with Burst 2 of slave
2017-07-20 16:55:59,713 - isce.topsinsar.coarseoffsets - INFO - Additional time offset applied in geo2rdr: 0.0 secs
2017-07-20 16:55:59,713 - isce.topsinsar.coarseoffsets - INFO - Additional range offset applied in geo2rdr: 0.0 m
2017-07-20 16:56:05,345 - isce.topsinsar.coarseoffsets - INFO - Overlap pair 2 - IW-2: Burst 3 of master matched with Burst 3 of slave
2017-07-20 16:56:05,419 - isce.topsinsar.coarseoffsets - INFO - Additional time offset applied in geo2rdr: 0.0 secs
2017-07-20 16:56:05,419 - isce.topsinsar.coarseoffsets - INFO - Additional range offset applied in geo2rdr: 0.0 m
2017-07-20 16:56:09,743 - isce.topsinsar.coarseoffsets - INFO - Overlap pair 3, IW-2: Burst 3 of master matched with Burst 3 of slave
2017-07-20 16:56:09,920 - isce.topsinsar.coarseoffsets - INFO - Additional time offset applied in geo2rdr: 0.0 secs
2017-07-20 16:56:09,920 - isce.topsinsar.coarseoffsets - INFO - Additional range offset applied in geo2rdr: 0.0 m
2017-07-20 16:56:15,366 - isce.topsinsar.coarseoffsets - INFO - Overlap pair 3 - IW-2: Burst 4 of master matched with Burst 4 of slave
2017-07-20 16:56:15,393 - isce.topsinsar.coarseoffsets - INFO - Additional time offset applied in geo2rdr: 0.0 secs
2017-07-20 16:56:15,393 - isce.topsinsar.coarseoffsets - INFO - Additional range offset applied in geo2rdr: 0.0 m
2017-07-20 16:56:19,683 - isce.topsinsar.coarseoffsets - INFO - Overlap pair 4, IW-2: Burst 4 of master matched with Burst 4 of slave
2017-07-20 16:56:19,835 - isce.topsinsar.coarseoffsets - INFO - Additional time offset applied in geo2rdr: 0.0 secs
2017-07-20 16:56:19,835 - isce.topsinsar.coarseoffsets - INFO - Additional range offset applied in geo2rdr: 0.0 m
2017-07-20 16:56:24,773 - isce.topsinsar.coarseoffsets - INFO - Overlap pair 4 - IW-2: Burst 5 of master matched with Burst 5 of slave
2017-07-20 16:56:24,837 - isce.topsinsar.coarseoffsets - INFO - Additional time offset applied in geo2rdr: 0.0 secs
2017-07-20 16:56:24,837 - isce.topsinsar.coarseoffsets - INFO - Additional range offset applied in geo2rdr: 0.0 m
2017-07-20 16:56:29,499 - isce.topsinsar.coarseoffsets - INFO - Overlap pair 5, IW-2: Burst 5 of master matched with Burst 5 of slave
2017-07-20 16:56:29,664 - isce.topsinsar.coarseoffsets - INFO - Additional time offset applied in geo2rdr: 0.0 secs
2017-07-20 16:56:29,664 - isce.topsinsar.coarseoffsets - INFO - Additional range offset applied in geo2rdr: 0.0 m
2017-07-20 16:56:34,465 - isce.topsinsar.coarseoffsets - INFO - Overlap pair 5 - IW-2: Burst 6 of master matched with Burst 6 of slave
2017-07-20 16:56:34,500 - isce.topsinsar.coarseoffsets - INFO - Additional time offset applied in geo2rdr: 0.0 secs
2017-07-20 16:56:34,501 - isce.topsinsar.coarseoffsets - INFO - Additional range offset applied in geo2rdr: 0.0 m
2017-07-20 16:56:39,196 - isce.topsinsar.coarseoffsets - INFO - Overlap pair 6, IW-2: Burst 6 of master matched with Burst 6 of slave
2017-07-20 16:56:39,436 - isce.topsinsar.coarseoffsets - INFO - Additional time offset applied in geo2rdr: 0.0 secs
2017-07-20 16:56:39,436 - isce.topsinsar.coarseoffsets - INFO - Additional range offset applied in geo2rdr: 0.0 m
2017-07-20 16:56:43,766 - isce.topsinsar.coarseoffsets - INFO - Overlap pair 6 - IW-2: Burst 7 of master matched with Burst 7 of slave
2017-07-20 16:56:43,842 - isce.topsinsar.coarseoffsets - INFO - Additional time offset applied in geo2rdr: 0.0 secs
2017-07-20 16:56:43,843 - isce.topsinsar.coarseoffsets - INFO - Additional range offset applied in geo2rdr: 0.0 m
2017-07-20 16:56:48,119 - isce.topsinsar.coarseoffsets - INFO - Overlap pair 7, IW-2: Burst 7 of master matched with Burst 7 of slave
2017-07-20 16:56:48,254 - isce.topsinsar.coarseoffsets - INFO - Additional time offset applied in geo2rdr: 0.0 secs
2017-07-20 16:56:48,254 - isce.topsinsar.coarseoffsets - INFO - Additional range offset applied in geo2rdr: 0.0 m
2017-07-20 16:56:53,085 - isce.topsinsar.coarseoffsets - INFO - Overlap pair 7 - IW-2: Burst 8 of master matched with Burst 8 of slave
2017-07-20 16:56:53,151 - isce.topsinsar.coarseoffsets - INFO - Additional time offset applied in geo2rdr: 0.0 secs
2017-07-20 16:56:53,151 - isce.topsinsar.coarseoffsets - INFO - Additional range offset applied in geo2rdr: 0.0 m
2017-07-20 16:56:58,096 - isce.topsinsar.coarseoffsets - INFO - Overlap pair 0, IW-3: Burst 0 of master matched with Burst 0 of slave
2017-07-20 16:56:58,348 - isce.topsinsar.coarseoffsets - INFO - Additional time offset applied in geo2rdr: 0.0 secs
2017-07-20 16:56:58,348 - isce.topsinsar.coarseoffsets - INFO - Additional range offset applied in geo2rdr: 0.0 m
2017-07-20 16:57:03,144 - isce.topsinsar.coarseoffsets - INFO - Overlap pair 0 - IW-3: Burst 1 of master matched with Burst 1 of slave
2017-07-20 16:57:03,187 - isce.topsinsar.coarseoffsets - INFO - Additional time offset applied in geo2rdr: 0.0 secs
2017-07-20 16:57:03,187 - isce.topsinsar.coarseoffsets - INFO - Additional range offset applied in geo2rdr: 0.0 m
2017-07-20 16:57:08,116 - isce.topsinsar.coarseoffsets - INFO - Overlap pair 1, IW-3: Burst 1 of master matched with Burst 1 of slave
2017-07-20 16:57:08,311 - isce.topsinsar.coarseoffsets - INFO - Additional time offset applied in geo2rdr: 0.0 secs
2017-07-20 16:57:08,311 - isce.topsinsar.coarseoffsets - INFO - Additional range offset applied in geo2rdr: 0.0 m
2017-07-20 16:57:13,556 - isce.topsinsar.coarseoffsets - INFO - Overlap pair 1 - IW-3: Burst 2 of master matched with Burst 2 of slave
2017-07-20 16:57:13,650 - isce.topsinsar.coarseoffsets - INFO - Additional time offset applied in geo2rdr: 0.0 secs
2017-07-20 16:57:13,650 - isce.topsinsar.coarseoffsets - INFO - Additional range offset applied in geo2rdr: 0.0 m
2017-07-20 16:57:18,623 - isce.topsinsar.coarseoffsets - INFO - Overlap pair 2, IW-3: Burst 2 of master matched with Burst 2 of slave
2017-07-20 16:57:18,748 - isce.topsinsar.coarseoffsets - INFO - Additional time offset applied in geo2rdr: 0.0 secs
2017-07-20 16:57:18,748 - isce.topsinsar.coarseoffsets - INFO - Additional range offset applied in geo2rdr: 0.0 m
2017-07-20 16:57:23,280 - isce.topsinsar.coarseoffsets - INFO - Overlap pair 2 - IW-3: Burst 3 of master matched with Burst 3 of slave
2017-07-20 16:57:23,386 - isce.topsinsar.coarseoffsets - INFO - Additional time offset applied in geo2rdr: 0.0 secs
2017-07-20 16:57:23,387 - isce.topsinsar.coarseoffsets - INFO - Additional range offset applied in geo2rdr: 0.0 m
2017-07-20 16:57:27,912 - isce.topsinsar.coarseoffsets - INFO - Overlap pair 3, IW-3: Burst 3 of master matched with Burst 3 of slave
2017-07-20 16:57:28,028 - isce.topsinsar.coarseoffsets - INFO - Additional time offset applied in geo2rdr: 0.0 secs
2017-07-20 16:57:28,028 - isce.topsinsar.coarseoffsets - INFO - Additional range offset applied in geo2rdr: 0.0 m
2017-07-20 16:57:32,667 - isce.topsinsar.coarseoffsets - INFO - Overlap pair 3 - IW-3: Burst 4 of master matched with Burst 4 of slave
2017-07-20 16:57:32,707 - isce.topsinsar.coarseoffsets - INFO - Additional time offset applied in geo2rdr: 0.0 secs
2017-07-20 16:57:32,707 - isce.topsinsar.coarseoffsets - INFO - Additional range offset applied in geo2rdr: 0.0 m
2017-07-20 16:57:37,370 - isce.topsinsar.coarseoffsets - INFO - Overlap pair 4, IW-3: Burst 4 of master matched with Burst 4 of slave
2017-07-20 16:57:37,550 - isce.topsinsar.coarseoffsets - INFO - Additional time offset applied in geo2rdr: 0.0 secs
2017-07-20 16:57:37,550 - isce.topsinsar.coarseoffsets - INFO - Additional range offset applied in geo2rdr: 0.0 m
2017-07-20 16:57:41,983 - isce.topsinsar.coarseoffsets - INFO - Overlap pair 4 - IW-3: Burst 5 of master matched with Burst 5 of slave
2017-07-20 16:57:42,025 - isce.topsinsar.coarseoffsets - INFO - Additional time offset applied in geo2rdr: 0.0 secs
2017-07-20 16:57:42,025 - isce.topsinsar.coarseoffsets - INFO - Additional range offset applied in geo2rdr: 0.0 m
2017-07-20 16:57:46,418 - isce.topsinsar.coarseoffsets - INFO - Overlap pair 5, IW-3: Burst 5 of master matched with Burst 5 of slave
2017-07-20 16:57:46,526 - isce.topsinsar.coarseoffsets - INFO - Additional time offset applied in geo2rdr: 0.0 secs
2017-07-20 16:57:46,526 - isce.topsinsar.coarseoffsets - INFO - Additional range offset applied in geo2rdr: 0.0 m
2017-07-20 16:57:51,035 - isce.topsinsar.coarseoffsets - INFO - Overlap pair 5 - IW-3: Burst 6 of master matched with Burst 6 of slave
2017-07-20 16:57:51,060 - isce.topsinsar.coarseoffsets - INFO - Additional time offset applied in geo2rdr: 0.0 secs
2017-07-20 16:57:51,060 - isce.topsinsar.coarseoffsets - INFO - Additional range offset applied in geo2rdr: 0.0 m
2017-07-20 16:57:55,132 - isce.topsinsar.coarseoffsets - INFO - Overlap pair 6, IW-3: Burst 6 of master matched with Burst 6 of slave
2017-07-20 16:57:55,275 - isce.topsinsar.coarseoffsets - INFO - Additional time offset applied in geo2rdr: 0.0 secs
2017-07-20 16:57:55,275 - isce.topsinsar.coarseoffsets - INFO - Additional range offset applied in geo2rdr: 0.0 m
2017-07-20 16:57:59,628 - isce.topsinsar.coarseoffsets - INFO - Overlap pair 6 - IW-3: Burst 7 of master matched with Burst 7 of slave
2017-07-20 16:57:59,702 - isce.topsinsar.coarseoffsets - INFO - Additional time offset applied in geo2rdr: 0.0 secs
2017-07-20 16:57:59,702 - isce.topsinsar.coarseoffsets - INFO - Additional range offset applied in geo2rdr: 0.0 m
2017-07-20 16:58:03,556 - isce.topsinsar.coarseoffsets - INFO - Overlap pair 7, IW-3: Burst 7 of master matched with Burst 7 of slave
2017-07-20 16:58:03,717 - isce.topsinsar.coarseoffsets - INFO - Additional time offset applied in geo2rdr: 0.0 secs
2017-07-20 16:58:03,717 - isce.topsinsar.coarseoffsets - INFO - Additional range offset applied in geo2rdr: 0.0 m
2017-07-20 16:58:07,957 - isce.topsinsar.coarseoffsets - INFO - Overlap pair 7 - IW-3: Burst 8 of master matched with Burst 8 of slave
2017-07-20 16:58:08,029 - isce.topsinsar.coarseoffsets - INFO - Additional time offset applied in geo2rdr: 0.0 secs
2017-07-20 16:58:08,029 - isce.topsinsar.coarseoffsets - INFO - Additional range offset applied in geo2rdr: 0.0 m
2017-07-20 16:58:14,410 - isce.stdproc.resamp_slc - WARNING - The variable INPUT_LINES has been set to the default value 1499 which is the number of lines in the slc image.
2017-07-20 16:58:14,414 - isce.stdproc.resamp_slc - WARNING - The variable INPUT_WIDTH has been set to the default value 21367 which is the width of the slc image.
2017-07-20 16:58:14,414 - isce.stdproc.resamp_slc - WARNING - No flattening requested
2017-07-20 16:58:42,373 - isce.stdproc.resamp_slc - WARNING - The variable INPUT_LINES has been set to the default value 1499 which is the number of lines in the slc image.
2017-07-20 16:58:42,386 - isce.stdproc.resamp_slc - WARNING - The variable INPUT_WIDTH has been set to the default value 21367 which is the width of the slc image.
2017-07-20 16:58:42,387 - isce.stdproc.resamp_slc - WARNING - No flattening requested
2017-07-20 16:58:48,010 - isce.stdproc.resamp_slc - WARNING - The variable INPUT_LINES has been set to the default value 1499 which is the number of lines in the slc image.
2017-07-20 16:58:48,010 - isce.stdproc.resamp_slc - WARNING - The variable INPUT_WIDTH has been set to the default value 21367 which is the width of the slc image.
2017-07-20 16:58:48,010 - isce.stdproc.resamp_slc - WARNING - No flattening requested
2017-07-20 16:58:50,651 - isce.stdproc.resamp_slc - WARNING - The variable INPUT_LINES has been set to the default value 1499 which is the number of lines in the slc image.
2017-07-20 16:58:50,651 - isce.stdproc.resamp_slc - WARNING - The variable INPUT_WIDTH has been set to the default value 21367 which is the width of the slc image.
2017-07-20 16:58:50,651 - isce.stdproc.resamp_slc - WARNING - No flattening requested
2017-07-20 16:58:55,828 - isce.stdproc.resamp_slc - WARNING - The variable INPUT_LINES has been set to the default value 1499 which is the number of lines in the slc image.
2017-07-20 16:58:55,829 - isce.stdproc.resamp_slc - WARNING - The variable INPUT_WIDTH has been set to the default value 21367 which is the width of the slc image.
2017-07-20 16:58:55,829 - isce.stdproc.resamp_slc - WARNING - No flattening requested
2017-07-20 16:58:58,561 - isce.stdproc.resamp_slc - WARNING - The variable INPUT_LINES has been set to the default value 1499 which is the number of lines in the slc image.
2017-07-20 16:58:58,572 - isce.stdproc.resamp_slc - WARNING - The variable INPUT_WIDTH has been set to the default value 21367 which is the width of the slc image.
2017-07-20 16:58:58,572 - isce.stdproc.resamp_slc - WARNING - No flattening requested
2017-07-20 16:59:03,633 - isce.stdproc.resamp_slc - WARNING - The variable INPUT_LINES has been set to the default value 1499 which is the number of lines in the slc image.
2017-07-20 16:59:03,633 - isce.stdproc.resamp_slc - WARNING - The variable INPUT_WIDTH has been set to the default value 21367 which is the width of the slc image.
2017-07-20 16:59:03,633 - isce.stdproc.resamp_slc - WARNING - No flattening requested
2017-07-20 16:59:06,512 - isce.stdproc.resamp_slc - WARNING - The variable INPUT_LINES has been set to the default value 1499 which is the number of lines in the slc image.
2017-07-20 16:59:06,513 - isce.stdproc.resamp_slc - WARNING - The variable INPUT_WIDTH has been set to the default value 21367 which is the width of the slc image.
2017-07-20 16:59:06,513 - isce.stdproc.resamp_slc - WARNING - No flattening requested
2017-07-20 16:59:12,080 - isce.stdproc.resamp_slc - WARNING - The variable INPUT_LINES has been set to the default value 1499 which is the number of lines in the slc image.
2017-07-20 16:59:12,080 - isce.stdproc.resamp_slc - WARNING - The variable INPUT_WIDTH has been set to the default value 21367 which is the width of the slc image.
2017-07-20 16:59:12,081 - isce.stdproc.resamp_slc - WARNING - No flattening requested
2017-07-20 16:59:16,142 - isce.stdproc.resamp_slc - WARNING - The variable INPUT_LINES has been set to the default value 1499 which is the number of lines in the slc image.
2017-07-20 16:59:16,142 - isce.stdproc.resamp_slc - WARNING - The variable INPUT_WIDTH has been set to the default value 21367 which is the width of the slc image.
2017-07-20 16:59:16,142 - isce.stdproc.resamp_slc - WARNING - No flattening requested
2017-07-20 16:59:22,819 - isce.stdproc.resamp_slc - WARNING - The variable INPUT_LINES has been set to the default value 1499 which is the number of lines in the slc image.
2017-07-20 16:59:22,819 - isce.stdproc.resamp_slc - WARNING - The variable INPUT_WIDTH has been set to the default value 21367 which is the width of the slc image.
2017-07-20 16:59:22,819 - isce.stdproc.resamp_slc - WARNING - No flattening requested
2017-07-20 16:59:26,961 - isce.stdproc.resamp_slc - WARNING - The variable INPUT_LINES has been set to the default value 1499 which is the number of lines in the slc image.
2017-07-20 16:59:26,961 - isce.stdproc.resamp_slc - WARNING - The variable INPUT_WIDTH has been set to the default value 21367 which is the width of the slc image.
2017-07-20 16:59:26,961 - isce.stdproc.resamp_slc - WARNING - No flattening requested
2017-07-20 16:59:31,895 - isce.stdproc.resamp_slc - WARNING - The variable INPUT_LINES has been set to the default value 1499 which is the number of lines in the slc image.
2017-07-20 16:59:31,911 - isce.stdproc.resamp_slc - WARNING - The variable INPUT_WIDTH has been set to the default value 21367 which is the width of the slc image.
2017-07-20 16:59:31,911 - isce.stdproc.resamp_slc - WARNING - No flattening requested
2017-07-20 16:59:34,752 - isce.stdproc.resamp_slc - WARNING - The variable INPUT_LINES has been set to the default value 1499 which is the number of lines in the slc image.
2017-07-20 16:59:34,752 - isce.stdproc.resamp_slc - WARNING - The variable INPUT_WIDTH has been set to the default value 21367 which is the width of the slc image.
2017-07-20 16:59:34,752 - isce.stdproc.resamp_slc - WARNING - No flattening requested
2017-07-20 16:59:39,552 - isce.stdproc.resamp_slc - WARNING - The variable INPUT_LINES has been set to the default value 1499 which is the number of lines in the slc image.
2017-07-20 16:59:39,553 - isce.stdproc.resamp_slc - WARNING - The variable INPUT_WIDTH has been set to the default value 21367 which is the width of the slc image.
2017-07-20 16:59:39,553 - isce.stdproc.resamp_slc - WARNING - No flattening requested
2017-07-20 16:59:42,167 - isce.stdproc.resamp_slc - WARNING - The variable INPUT_LINES has been set to the default value 1499 which is the number of lines in the slc image.
2017-07-20 16:59:42,167 - isce.stdproc.resamp_slc - WARNING - The variable INPUT_WIDTH has been set to the default value 21367 which is the width of the slc image.
2017-07-20 16:59:42,167 - isce.stdproc.resamp_slc - WARNING - No flattening requested
2017-07-20 16:59:48,561 - isce.stdproc.resamp_slc - WARNING - The variable INPUT_LINES has been set to the default value 1510 which is the number of lines in the slc image.
2017-07-20 16:59:48,572 - isce.stdproc.resamp_slc - WARNING - The variable INPUT_WIDTH has been set to the default value 25259 which is the width of the slc image.
2017-07-20 16:59:48,572 - isce.stdproc.resamp_slc - WARNING - No flattening requested
2017-07-20 17:00:23,302 - isce.stdproc.resamp_slc - WARNING - The variable INPUT_LINES has been set to the default value 1510 which is the number of lines in the slc image.
2017-07-20 17:00:23,319 - isce.stdproc.resamp_slc - WARNING - The variable INPUT_WIDTH has been set to the default value 25259 which is the width of the slc image.
2017-07-20 17:00:23,319 - isce.stdproc.resamp_slc - WARNING - No flattening requested
2017-07-20 17:00:29,970 - isce.stdproc.resamp_slc - WARNING - The variable INPUT_LINES has been set to the default value 1510 which is the number of lines in the slc image.
2017-07-20 17:00:29,986 - isce.stdproc.resamp_slc - WARNING - The variable INPUT_WIDTH has been set to the default value 25259 which is the width of the slc image.
2017-07-20 17:00:29,986 - isce.stdproc.resamp_slc - WARNING - No flattening requested
2017-07-20 17:00:33,987 - isce.stdproc.resamp_slc - WARNING - The variable INPUT_LINES has been set to the default value 1510 which is the number of lines in the slc image.
2017-07-20 17:00:33,987 - isce.stdproc.resamp_slc - WARNING - The variable INPUT_WIDTH has been set to the default value 25259 which is the width of the slc image.
2017-07-20 17:00:33,987 - isce.stdproc.resamp_slc - WARNING - No flattening requested
2017-07-20 17:00:40,424 - isce.stdproc.resamp_slc - WARNING - The variable INPUT_LINES has been set to the default value 1510 which is the number of lines in the slc image.
2017-07-20 17:00:40,424 - isce.stdproc.resamp_slc - WARNING - The variable INPUT_WIDTH has been set to the default value 25259 which is the width of the slc image.
2017-07-20 17:00:40,424 - isce.stdproc.resamp_slc - WARNING - No flattening requested
2017-07-20 17:00:53,642 - isce.stdproc.resamp_slc - WARNING - The variable INPUT_LINES has been set to the default value 1510 which is the number of lines in the slc image.
2017-07-20 17:00:53,642 - isce.stdproc.resamp_slc - WARNING - The variable INPUT_WIDTH has been set to the default value 25259 which is the width of the slc image.
2017-07-20 17:00:53,642 - isce.stdproc.resamp_slc - WARNING - No flattening requested
2017-07-20 17:00:58,984 - isce.stdproc.resamp_slc - WARNING - The variable INPUT_LINES has been set to the default value 1510 which is the number of lines in the slc image.
2017-07-20 17:00:58,984 - isce.stdproc.resamp_slc - WARNING - The variable INPUT_WIDTH has been set to the default value 25259 which is the width of the slc image.
2017-07-20 17:00:58,985 - isce.stdproc.resamp_slc - WARNING - No flattening requested
2017-07-20 17:01:01,987 - isce.stdproc.resamp_slc - WARNING - The variable INPUT_LINES has been set to the default value 1510 which is the number of lines in the slc image.
2017-07-20 17:01:01,987 - isce.stdproc.resamp_slc - WARNING - The variable INPUT_WIDTH has been set to the default value 25259 which is the width of the slc image.
2017-07-20 17:01:01,987 - isce.stdproc.resamp_slc - WARNING - No flattening requested
2017-07-20 17:01:07,513 - isce.stdproc.resamp_slc - WARNING - The variable INPUT_LINES has been set to the default value 1510 which is the number of lines in the slc image.
2017-07-20 17:01:07,526 - isce.stdproc.resamp_slc - WARNING - The variable INPUT_WIDTH has been set to the default value 25259 which is the width of the slc image.
2017-07-20 17:01:07,526 - isce.stdproc.resamp_slc - WARNING - No flattening requested
2017-07-20 17:01:10,621 - isce.stdproc.resamp_slc - WARNING - The variable INPUT_LINES has been set to the default value 1510 which is the number of lines in the slc image.
2017-07-20 17:01:10,622 - isce.stdproc.resamp_slc - WARNING - The variable INPUT_WIDTH has been set to the default value 25259 which is the width of the slc image.
2017-07-20 17:01:10,622 - isce.stdproc.resamp_slc - WARNING - No flattening requested
2017-07-20 17:01:17,705 - isce.stdproc.resamp_slc - WARNING - The variable INPUT_LINES has been set to the default value 1510 which is the number of lines in the slc image.
2017-07-20 17:01:17,727 - isce.stdproc.resamp_slc - WARNING - The variable INPUT_WIDTH has been set to the default value 25259 which is the width of the slc image.
2017-07-20 17:01:17,728 - isce.stdproc.resamp_slc - WARNING - No flattening requested
2017-07-20 17:01:20,881 - isce.stdproc.resamp_slc - WARNING - The variable INPUT_LINES has been set to the default value 1510 which is the number of lines in the slc image.
2017-07-20 17:01:20,881 - isce.stdproc.resamp_slc - WARNING - The variable INPUT_WIDTH has been set to the default value 25259 which is the width of the slc image.
2017-07-20 17:01:20,881 - isce.stdproc.resamp_slc - WARNING - No flattening requested
2017-07-20 17:01:26,599 - isce.stdproc.resamp_slc - WARNING - The variable INPUT_LINES has been set to the default value 1510 which is the number of lines in the slc image.
2017-07-20 17:01:26,620 - isce.stdproc.resamp_slc - WARNING - The variable INPUT_WIDTH has been set to the default value 25259 which is the width of the slc image.
2017-07-20 17:01:26,621 - isce.stdproc.resamp_slc - WARNING - No flattening requested
2017-07-20 17:01:30,372 - isce.stdproc.resamp_slc - WARNING - The variable INPUT_LINES has been set to the default value 1510 which is the number of lines in the slc image.
2017-07-20 17:01:30,372 - isce.stdproc.resamp_slc - WARNING - The variable INPUT_WIDTH has been set to the default value 25259 which is the width of the slc image.
2017-07-20 17:01:30,372 - isce.stdproc.resamp_slc - WARNING - No flattening requested
2017-07-20 17:01:35,524 - isce.stdproc.resamp_slc - WARNING - The variable INPUT_LINES has been set to the default value 1510 which is the number of lines in the slc image.
2017-07-20 17:01:35,524 - isce.stdproc.resamp_slc - WARNING - The variable INPUT_WIDTH has been set to the default value 25259 which is the width of the slc image.
2017-07-20 17:01:35,525 - isce.stdproc.resamp_slc - WARNING - No flattening requested
2017-07-20 17:01:38,259 - isce.stdproc.resamp_slc - WARNING - The variable INPUT_LINES has been set to the default value 1510 which is the number of lines in the slc image.
2017-07-20 17:01:38,259 - isce.stdproc.resamp_slc - WARNING - The variable INPUT_WIDTH has been set to the default value 25259 which is the width of the slc image.
2017-07-20 17:01:38,259 - isce.stdproc.resamp_slc - WARNING - No flattening requested
2017-07-20 17:01:45,614 - isce.stdproc.resamp_slc - WARNING - The variable INPUT_LINES has been set to the default value 1515 which is the number of lines in the slc image.
2017-07-20 17:01:45,614 - isce.stdproc.resamp_slc - WARNING - The variable INPUT_WIDTH has been set to the default value 24383 which is the width of the slc image.
2017-07-20 17:01:45,615 - isce.stdproc.resamp_slc - WARNING - No flattening requested
2017-07-20 17:02:13,553 - isce.stdproc.resamp_slc - WARNING - The variable INPUT_LINES has been set to the default value 1515 which is the number of lines in the slc image.
2017-07-20 17:02:13,578 - isce.stdproc.resamp_slc - WARNING - The variable INPUT_WIDTH has been set to the default value 24383 which is the width of the slc image.
2017-07-20 17:02:13,578 - isce.stdproc.resamp_slc - WARNING - No flattening requested
2017-07-20 17:02:19,070 - isce.stdproc.resamp_slc - WARNING - The variable INPUT_LINES has been set to the default value 1515 which is the number of lines in the slc image.
2017-07-20 17:02:19,087 - isce.stdproc.resamp_slc - WARNING - The variable INPUT_WIDTH has been set to the default value 24383 which is the width of the slc image.
2017-07-20 17:02:19,087 - isce.stdproc.resamp_slc - WARNING - No flattening requested
2017-07-20 17:02:21,773 - isce.stdproc.resamp_slc - WARNING - The variable INPUT_LINES has been set to the default value 1515 which is the number of lines in the slc image.
2017-07-20 17:02:21,773 - isce.stdproc.resamp_slc - WARNING - The variable INPUT_WIDTH has been set to the default value 24383 which is the width of the slc image.
2017-07-20 17:02:21,773 - isce.stdproc.resamp_slc - WARNING - No flattening requested
2017-07-20 17:02:27,040 - isce.stdproc.resamp_slc - WARNING - The variable INPUT_LINES has been set to the default value 1515 which is the number of lines in the slc image.
2017-07-20 17:02:27,041 - isce.stdproc.resamp_slc - WARNING - The variable INPUT_WIDTH has been set to the default value 24383 which is the width of the slc image.
2017-07-20 17:02:27,041 - isce.stdproc.resamp_slc - WARNING - No flattening requested
2017-07-20 17:02:29,793 - isce.stdproc.resamp_slc - WARNING - The variable INPUT_LINES has been set to the default value 1515 which is the number of lines in the slc image.
2017-07-20 17:02:29,793 - isce.stdproc.resamp_slc - WARNING - The variable INPUT_WIDTH has been set to the default value 24383 which is the width of the slc image.
2017-07-20 17:02:29,794 - isce.stdproc.resamp_slc - WARNING - No flattening requested
2017-07-20 17:02:34,968 - isce.stdproc.resamp_slc - WARNING - The variable INPUT_LINES has been set to the default value 1515 which is the number of lines in the slc image.
2017-07-20 17:02:34,981 - isce.stdproc.resamp_slc - WARNING - The variable INPUT_WIDTH has been set to the default value 24383 which is the width of the slc image.
2017-07-20 17:02:34,981 - isce.stdproc.resamp_slc - WARNING - No flattening requested
2017-07-20 17:02:37,671 - isce.stdproc.resamp_slc - WARNING - The variable INPUT_LINES has been set to the default value 1515 which is the number of lines in the slc image.
2017-07-20 17:02:37,671 - isce.stdproc.resamp_slc - WARNING - The variable INPUT_WIDTH has been set to the default value 24383 which is the width of the slc image.
2017-07-20 17:02:37,671 - isce.stdproc.resamp_slc - WARNING - No flattening requested
2017-07-20 17:02:42,825 - isce.stdproc.resamp_slc - WARNING - The variable INPUT_LINES has been set to the default value 1515 which is the number of lines in the slc image.
2017-07-20 17:02:42,840 - isce.stdproc.resamp_slc - WARNING - The variable INPUT_WIDTH has been set to the default value 24383 which is the width of the slc image.
2017-07-20 17:02:42,841 - isce.stdproc.resamp_slc - WARNING - No flattening requested
2017-07-20 17:02:46,014 - isce.stdproc.resamp_slc - WARNING - The variable INPUT_LINES has been set to the default value 1515 which is the number of lines in the slc image.
2017-07-20 17:02:46,014 - isce.stdproc.resamp_slc - WARNING - The variable INPUT_WIDTH has been set to the default value 24383 which is the width of the slc image.
2017-07-20 17:02:46,014 - isce.stdproc.resamp_slc - WARNING - No flattening requested
2017-07-20 17:02:51,167 - isce.stdproc.resamp_slc - WARNING - The variable INPUT_LINES has been set to the default value 1515 which is the number of lines in the slc image.
2017-07-20 17:02:51,192 - isce.stdproc.resamp_slc - WARNING - The variable INPUT_WIDTH has been set to the default value 24383 which is the width of the slc image.
2017-07-20 17:02:51,192 - isce.stdproc.resamp_slc - WARNING - No flattening requested
2017-07-20 17:02:53,824 - isce.stdproc.resamp_slc - WARNING - The variable INPUT_LINES has been set to the default value 1515 which is the number of lines in the slc image.
2017-07-20 17:02:53,824 - isce.stdproc.resamp_slc - WARNING - The variable INPUT_WIDTH has been set to the default value 24383 which is the width of the slc image.
2017-07-20 17:02:53,824 - isce.stdproc.resamp_slc - WARNING - No flattening requested
2017-07-20 17:02:59,040 - isce.stdproc.resamp_slc - WARNING - The variable INPUT_LINES has been set to the default value 1515 which is the number of lines in the slc image.
2017-07-20 17:02:59,051 - isce.stdproc.resamp_slc - WARNING - The variable INPUT_WIDTH has been set to the default value 24383 which is the width of the slc image.
2017-07-20 17:02:59,052 - isce.stdproc.resamp_slc - WARNING - No flattening requested
2017-07-20 17:03:01,692 - isce.stdproc.resamp_slc - WARNING - The variable INPUT_LINES has been set to the default value 1515 which is the number of lines in the slc image.
2017-07-20 17:03:01,692 - isce.stdproc.resamp_slc - WARNING - The variable INPUT_WIDTH has been set to the default value 24383 which is the width of the slc image.
2017-07-20 17:03:01,692 - isce.stdproc.resamp_slc - WARNING - No flattening requested
2017-07-20 17:03:06,796 - isce.stdproc.resamp_slc - WARNING - The variable INPUT_LINES has been set to the default value 1515 which is the number of lines in the slc image.
2017-07-20 17:03:06,828 - isce.stdproc.resamp_slc - WARNING - The variable INPUT_WIDTH has been set to the default value 24383 which is the width of the slc image.
2017-07-20 17:03:06,828 - isce.stdproc.resamp_slc - WARNING - No flattening requested
2017-07-20 17:03:09,760 - isce.stdproc.resamp_slc - WARNING - The variable INPUT_LINES has been set to the default value 1515 which is the number of lines in the slc image.
2017-07-20 17:03:09,760 - isce.stdproc.resamp_slc - WARNING - The variable INPUT_WIDTH has been set to the default value 24383 which is the width of the slc image.
2017-07-20 17:03:09,760 - isce.stdproc.resamp_slc - WARNING - No flattening requested
2017-07-20 17:23:36,652 - root - DEBUG - Creating readonly ISCE mmap with 
file = ESD/overlap_IW1_01.5alks_15rlks.int 
bands = 1 
width = 1412 
length = 24 
scheme = BIP 
dtype = CFLOAT 

2017-07-20 17:23:39,887 - root - DEBUG - Creating readonly ISCE mmap with 
file = ESD/overlap_IW1_02.5alks_15rlks.int 
bands = 1 
width = 1412 
length = 24 
scheme = BIP 
dtype = CFLOAT 

2017-07-20 17:23:42,765 - root - DEBUG - Creating readonly ISCE mmap with 
file = ESD/overlap_IW1_03.5alks_15rlks.int 
bands = 1 
width = 1412 
length = 24 
scheme = BIP 
dtype = CFLOAT 

2017-07-20 17:23:46,059 - root - DEBUG - Creating readonly ISCE mmap with 
file = ESD/overlap_IW1_04.5alks_15rlks.int 
bands = 1 
width = 1412 
length = 24 
scheme = BIP 
dtype = CFLOAT 

2017-07-20 17:23:49,237 - root - DEBUG - Creating readonly ISCE mmap with 
file = ESD/overlap_IW1_05.5alks_15rlks.int 
bands = 1 
width = 1412 
length = 24 
scheme = BIP 
dtype = CFLOAT 

2017-07-20 17:24:06,552 - root - DEBUG - Creating readonly ISCE mmap with 
file = ESD/overlap_IW1_06.5alks_15rlks.int 
bands = 1 
width = 1412 
length = 23 
scheme = BIP 
dtype = CFLOAT 

2017-07-20 17:24:09,615 - root - DEBUG - Creating readonly ISCE mmap with 
file = ESD/overlap_IW1_07.5alks_15rlks.int 
bands = 1 
width = 1412 
length = 23 
scheme = BIP 
dtype = CFLOAT 

2017-07-20 17:24:12,433 - root - DEBUG - Creating readonly ISCE mmap with 
file = ESD/overlap_IW1_08.5alks_15rlks.int 
bands = 1 
width = 1412 
length = 24 
scheme = BIP 
dtype = CFLOAT 

2017-07-20 17:24:16,761 - root - DEBUG - Creating readonly ISCE mmap with 
file = ESD/overlap_IW2_01.5alks_15rlks.int 
bands = 1 
width = 1672 
length = 23 
scheme = BIP 
dtype = CFLOAT 

2017-07-20 17:24:19,637 - root - DEBUG - Creating readonly ISCE mmap with 
file = ESD/overlap_IW2_02.5alks_15rlks.int 
bands = 1 
width = 1672 
length = 24 
scheme = BIP 
dtype = CFLOAT 

2017-07-20 17:24:23,421 - root - DEBUG - Creating readonly ISCE mmap with 
file = ESD/overlap_IW2_03.5alks_15rlks.int 
bands = 1 
width = 1672 
length = 24 
scheme = BIP 
dtype = CFLOAT 

2017-07-20 17:24:27,021 - root - DEBUG - Creating readonly ISCE mmap with 
file = ESD/overlap_IW2_04.5alks_15rlks.int 
bands = 1 
width = 1672 
length = 24 
scheme = BIP 
dtype = CFLOAT 

2017-07-20 17:24:29,938 - root - DEBUG - Creating readonly ISCE mmap with 
file = ESD/overlap_IW2_05.5alks_15rlks.int 
bands = 1 
width = 1672 
length = 24 
scheme = BIP 
dtype = CFLOAT 

2017-07-20 17:24:35,350 - root - DEBUG - Creating readonly ISCE mmap with 
file = ESD/overlap_IW2_06.5alks_15rlks.int 
bands = 1 
width = 1672 
length = 23 
scheme = BIP 
dtype = CFLOAT 

2017-07-20 17:24:38,262 - root - DEBUG - Creating readonly ISCE mmap with 
file = ESD/overlap_IW2_07.5alks_15rlks.int 
bands = 1 
width = 1672 
length = 23 
scheme = BIP 
dtype = CFLOAT 

2017-07-20 17:24:41,277 - root - DEBUG - Creating readonly ISCE mmap with 
file = ESD/overlap_IW2_08.5alks_15rlks.int 
bands = 1 
width = 1672 
length = 24 
scheme = BIP 
dtype = CFLOAT 

2017-07-20 17:24:46,200 - root - DEBUG - Creating readonly ISCE mmap with 
file = ESD/overlap_IW3_01.5alks_15rlks.int 
bands = 1 
width = 1615 
length = 24 
scheme = BIP 
dtype = CFLOAT 

2017-07-20 17:24:49,768 - root - DEBUG - Creating readonly ISCE mmap with 
file = ESD/overlap_IW3_02.5alks_15rlks.int 
bands = 1 
width = 1615 
length = 24 
scheme = BIP 
dtype = CFLOAT 

2017-07-20 17:25:06,481 - root - DEBUG - Creating readonly ISCE mmap with 
file = ESD/overlap_IW3_03.5alks_15rlks.int 
bands = 1 
width = 1615 
length = 24 
scheme = BIP 
dtype = CFLOAT 

2017-07-20 17:25:09,749 - root - DEBUG - Creating readonly ISCE mmap with 
file = ESD/overlap_IW3_04.5alks_15rlks.int 
bands = 1 
width = 1615 
length = 24 
scheme = BIP 
dtype = CFLOAT 

2017-07-20 17:25:13,120 - root - DEBUG - Creating readonly ISCE mmap with 
file = ESD/overlap_IW3_05.5alks_15rlks.int 
bands = 1 
width = 1615 
length = 24 
scheme = BIP 
dtype = CFLOAT 

2017-07-20 17:25:16,099 - root - DEBUG - Creating readonly ISCE mmap with 
file = ESD/overlap_IW3_06.5alks_15rlks.int 
bands = 1 
width = 1615 
length = 24 
scheme = BIP 
dtype = CFLOAT 

2017-07-20 17:25:19,126 - root - DEBUG - Creating readonly ISCE mmap with 
file = ESD/overlap_IW3_07.5alks_15rlks.int 
bands = 1 
width = 1615 
length = 24 
scheme = BIP 
dtype = CFLOAT 

2017-07-20 17:25:21,920 - root - DEBUG - Creating readonly ISCE mmap with 
file = ESD/overlap_IW3_08.5alks_15rlks.int 
bands = 1 
width = 1615 
length = 23 
scheme = BIP 
dtype = CFLOAT 

2017-07-20 17:25:28,441 - isce.topsinsar.esd - INFO - 
####################################################################################################
    runESD
----------------------------------------------------------------------------------------------------
esd.Mean = 0.00199834848875
esd.Median = 0.00187848386122
esd.Std = 0.00284520360798
esd.coherence threshold = 0.85
esd.number of coherent points = 148
####################################################################################################
2017-07-20 17:32:05,261 - isce.topsinsar.rangecoreg - INFO - 
####################################################################################################
    runRangeCoreg
----------------------------------------------------------------------------------------------------
esd.Mean = 0.0685687069813
esd.Median = 0.0625
esd.Std = 0.462351596795
esd.number of coherent points = 10170
esd.snr threshold = 8.0
####################################################################################################
2017-07-20 17:32:05,803 - isce.topsinsar.fineoffsets - INFO - IW1 - Burst 0 of master matched with Burst 0 of slave
2017-07-20 17:32:05,918 - isce.topsinsar.fineoffsets - INFO - Additional time offset applied in geo2rdr: 3.861329335377321e-06 secs
2017-07-20 17:32:05,918 - isce.topsinsar.fineoffsets - INFO - Additional range offset applied in geo2rdr: 0.1597350620386936 m
2017-07-20 17:33:06,133 - isce.topsinsar.fineoffsets - INFO - IW1 - Burst 1 of master matched with Burst 1 of slave
2017-07-20 17:33:06,199 - isce.topsinsar.fineoffsets - INFO - Additional time offset applied in geo2rdr: 3.861329335377321e-06 secs
2017-07-20 17:33:06,199 - isce.topsinsar.fineoffsets - INFO - Additional range offset applied in geo2rdr: 0.1597350620386936 m
2017-07-20 17:34:07,359 - isce.topsinsar.fineoffsets - INFO - IW1 - Burst 2 of master matched with Burst 2 of slave
2017-07-20 17:34:07,433 - isce.topsinsar.fineoffsets - INFO - Additional time offset applied in geo2rdr: 3.861329335377321e-06 secs
2017-07-20 17:34:07,433 - isce.topsinsar.fineoffsets - INFO - Additional range offset applied in geo2rdr: 0.1597350620386936 m
2017-07-20 17:35:10,514 - isce.topsinsar.fineoffsets - INFO - IW1 - Burst 3 of master matched with Burst 3 of slave
2017-07-20 17:35:10,586 - isce.topsinsar.fineoffsets - INFO - Additional time offset applied in geo2rdr: 3.861329335377321e-06 secs
2017-07-20 17:35:10,586 - isce.topsinsar.fineoffsets - INFO - Additional range offset applied in geo2rdr: 0.1597350620386936 m
2017-07-20 17:36:12,150 - isce.topsinsar.fineoffsets - INFO - IW1 - Burst 4 of master matched with Burst 4 of slave
2017-07-20 17:36:12,218 - isce.topsinsar.fineoffsets - INFO - Additional time offset applied in geo2rdr: 3.861329335377321e-06 secs
2017-07-20 17:36:12,218 - isce.topsinsar.fineoffsets - INFO - Additional range offset applied in geo2rdr: 0.1597350620386936 m
2017-07-20 17:37:19,542 - isce.topsinsar.fineoffsets - INFO - IW1 - Burst 5 of master matched with Burst 5 of slave
2017-07-20 17:37:19,609 - isce.topsinsar.fineoffsets - INFO - Additional time offset applied in geo2rdr: 3.861329335377321e-06 secs
2017-07-20 17:37:19,609 - isce.topsinsar.fineoffsets - INFO - Additional range offset applied in geo2rdr: 0.1597350620386936 m
2017-07-20 17:38:21,618 - isce.topsinsar.fineoffsets - INFO - IW1 - Burst 6 of master matched with Burst 6 of slave
2017-07-20 17:38:21,716 - isce.topsinsar.fineoffsets - INFO - Additional time offset applied in geo2rdr: 3.861329335377321e-06 secs
2017-07-20 17:38:21,716 - isce.topsinsar.fineoffsets - INFO - Additional range offset applied in geo2rdr: 0.1597350620386936 m
2017-07-20 17:39:22,559 - isce.topsinsar.fineoffsets - INFO - IW1 - Burst 7 of master matched with Burst 7 of slave
2017-07-20 17:39:22,705 - isce.topsinsar.fineoffsets - INFO - Additional time offset applied in geo2rdr: 3.861329335377321e-06 secs
2017-07-20 17:39:22,705 - isce.topsinsar.fineoffsets - INFO - Additional range offset applied in geo2rdr: 0.1597350620386936 m
2017-07-20 17:40:30,899 - isce.topsinsar.fineoffsets - INFO - IW1 - Burst 8 of master matched with Burst 8 of slave
2017-07-20 17:40:31,053 - isce.topsinsar.fineoffsets - INFO - Additional time offset applied in geo2rdr: 3.861329335377321e-06 secs
2017-07-20 17:40:31,054 - isce.topsinsar.fineoffsets - INFO - Additional range offset applied in geo2rdr: 0.1597350620386936 m
2017-07-20 17:41:32,858 - isce.topsinsar.fineoffsets - INFO - IW2 - Burst 0 of master matched with Burst 0 of slave
2017-07-20 17:41:32,977 - isce.topsinsar.fineoffsets - INFO - Additional time offset applied in geo2rdr: 3.861329335377321e-06 secs
2017-07-20 17:41:32,977 - isce.topsinsar.fineoffsets - INFO - Additional range offset applied in geo2rdr: 0.1597350620386936 m
2017-07-20 17:43:02,762 - isce.topsinsar.fineoffsets - INFO - IW2 - Burst 1 of master matched with Burst 1 of slave
2017-07-20 17:43:02,916 - isce.topsinsar.fineoffsets - INFO - Additional time offset applied in geo2rdr: 3.861329335377321e-06 secs
2017-07-20 17:43:02,916 - isce.topsinsar.fineoffsets - INFO - Additional range offset applied in geo2rdr: 0.1597350620386936 m
2017-07-20 17:44:15,878 - isce.topsinsar.fineoffsets - INFO - IW2 - Burst 2 of master matched with Burst 2 of slave
2017-07-20 17:44:15,970 - isce.topsinsar.fineoffsets - INFO - Additional time offset applied in geo2rdr: 3.861329335377321e-06 secs
2017-07-20 17:44:15,970 - isce.topsinsar.fineoffsets - INFO - Additional range offset applied in geo2rdr: 0.1597350620386936 m
2017-07-20 17:45:27,532 - isce.topsinsar.fineoffsets - INFO - IW2 - Burst 3 of master matched with Burst 3 of slave
2017-07-20 17:45:27,596 - isce.topsinsar.fineoffsets - INFO - Additional time offset applied in geo2rdr: 3.861329335377321e-06 secs
2017-07-20 17:45:27,596 - isce.topsinsar.fineoffsets - INFO - Additional range offset applied in geo2rdr: 0.1597350620386936 m
2017-07-20 17:46:48,014 - isce.topsinsar.fineoffsets - INFO - IW2 - Burst 4 of master matched with Burst 4 of slave
2017-07-20 17:46:48,160 - isce.topsinsar.fineoffsets - INFO - Additional time offset applied in geo2rdr: 3.861329335377321e-06 secs
2017-07-20 17:46:48,160 - isce.topsinsar.fineoffsets - INFO - Additional range offset applied in geo2rdr: 0.1597350620386936 m
2017-07-20 17:48:25,829 - isce.topsinsar.fineoffsets - INFO - IW2 - Burst 5 of master matched with Burst 5 of slave
2017-07-20 17:48:25,886 - isce.topsinsar.fineoffsets - INFO - Additional time offset applied in geo2rdr: 3.861329335377321e-06 secs
2017-07-20 17:48:25,886 - isce.topsinsar.fineoffsets - INFO - Additional range offset applied in geo2rdr: 0.1597350620386936 m
2017-07-20 17:49:36,541 - isce.topsinsar.fineoffsets - INFO - IW2 - Burst 6 of master matched with Burst 6 of slave
2017-07-20 17:49:36,622 - isce.topsinsar.fineoffsets - INFO - Additional time offset applied in geo2rdr: 3.861329335377321e-06 secs
2017-07-20 17:49:36,622 - isce.topsinsar.fineoffsets - INFO - Additional range offset applied in geo2rdr: 0.1597350620386936 m
2017-07-20 17:50:49,029 - isce.topsinsar.fineoffsets - INFO - IW2 - Burst 7 of master matched with Burst 7 of slave
2017-07-20 17:50:49,117 - isce.topsinsar.fineoffsets - INFO - Additional time offset applied in geo2rdr: 3.861329335377321e-06 secs
2017-07-20 17:50:49,118 - isce.topsinsar.fineoffsets - INFO - Additional range offset applied in geo2rdr: 0.1597350620386936 m
2017-07-20 17:52:23,264 - isce.topsinsar.fineoffsets - INFO - IW2 - Burst 8 of master matched with Burst 8 of slave
2017-07-20 17:52:23,357 - isce.topsinsar.fineoffsets - INFO - Additional time offset applied in geo2rdr: 3.861329335377321e-06 secs
2017-07-20 17:52:23,357 - isce.topsinsar.fineoffsets - INFO - Additional range offset applied in geo2rdr: 0.1597350620386936 m
2017-07-20 17:53:50,417 - isce.topsinsar.fineoffsets - INFO - IW3 - Burst 0 of master matched with Burst 0 of slave
2017-07-20 17:53:50,576 - isce.topsinsar.fineoffsets - INFO - Additional time offset applied in geo2rdr: 3.861329335377321e-06 secs
2017-07-20 17:53:50,576 - isce.topsinsar.fineoffsets - INFO - Additional range offset applied in geo2rdr: 0.1597350620386936 m
2017-07-20 17:55:03,214 - isce.topsinsar.fineoffsets - INFO - IW3 - Burst 1 of master matched with Burst 1 of slave
2017-07-20 17:55:03,280 - isce.topsinsar.fineoffsets - INFO - Additional time offset applied in geo2rdr: 3.861329335377321e-06 secs
2017-07-20 17:55:03,280 - isce.topsinsar.fineoffsets - INFO - Additional range offset applied in geo2rdr: 0.1597350620386936 m
2017-07-20 17:56:14,580 - isce.topsinsar.fineoffsets - INFO - IW3 - Burst 2 of master matched with Burst 2 of slave
2017-07-20 17:56:14,651 - isce.topsinsar.fineoffsets - INFO - Additional time offset applied in geo2rdr: 3.861329335377321e-06 secs
2017-07-20 17:56:14,651 - isce.topsinsar.fineoffsets - INFO - Additional range offset applied in geo2rdr: 0.1597350620386936 m
2017-07-20 17:57:24,923 - isce.topsinsar.fineoffsets - INFO - IW3 - Burst 3 of master matched with Burst 3 of slave
2017-07-20 17:57:24,988 - isce.topsinsar.fineoffsets - INFO - Additional time offset applied in geo2rdr: 3.861329335377321e-06 secs
2017-07-20 17:57:24,988 - isce.topsinsar.fineoffsets - INFO - Additional range offset applied in geo2rdr: 0.1597350620386936 m
2017-07-20 17:58:35,480 - isce.topsinsar.fineoffsets - INFO - IW3 - Burst 4 of master matched with Burst 4 of slave
2017-07-20 17:58:35,575 - isce.topsinsar.fineoffsets - INFO - Additional time offset applied in geo2rdr: 3.861329335377321e-06 secs
2017-07-20 17:58:35,575 - isce.topsinsar.fineoffsets - INFO - Additional range offset applied in geo2rdr: 0.1597350620386936 m
2017-07-20 18:00:14,530 - isce.topsinsar.fineoffsets - INFO - IW3 - Burst 5 of master matched with Burst 5 of slave
2017-07-20 18:00:14,621 - isce.topsinsar.fineoffsets - INFO - Additional time offset applied in geo2rdr: 3.861329335377321e-06 secs
2017-07-20 18:00:14,621 - isce.topsinsar.fineoffsets - INFO - Additional range offset applied in geo2rdr: 0.1597350620386936 m
2017-07-20 18:01:24,043 - isce.topsinsar.fineoffsets - INFO - IW3 - Burst 6 of master matched with Burst 6 of slave
2017-07-20 18:01:24,117 - isce.topsinsar.fineoffsets - INFO - Additional time offset applied in geo2rdr: 3.861329335377321e-06 secs
2017-07-20 18:01:24,117 - isce.topsinsar.fineoffsets - INFO - Additional range offset applied in geo2rdr: 0.1597350620386936 m
2017-07-20 18:02:52,409 - isce.topsinsar.fineoffsets - INFO - IW3 - Burst 7 of master matched with Burst 7 of slave
2017-07-20 18:02:52,480 - isce.topsinsar.fineoffsets - INFO - Additional time offset applied in geo2rdr: 3.861329335377321e-06 secs
2017-07-20 18:02:52,480 - isce.topsinsar.fineoffsets - INFO - Additional range offset applied in geo2rdr: 0.1597350620386936 m
2017-07-20 18:04:02,860 - isce.topsinsar.fineoffsets - INFO - IW3 - Burst 8 of master matched with Burst 8 of slave
2017-07-20 18:04:02,956 - isce.topsinsar.fineoffsets - INFO - Additional time offset applied in geo2rdr: 3.861329335377321e-06 secs
2017-07-20 18:04:02,956 - isce.topsinsar.fineoffsets - INFO - Additional range offset applied in geo2rdr: 0.1597350620386936 m
2017-07-20 18:05:32,590 - isce.stdproc.resamp_slc - WARNING - The variable INPUT_LINES has been set to the default value 1499 which is the number of lines in the slc image.
2017-07-20 18:05:32,605 - isce.stdproc.resamp_slc - WARNING - The variable INPUT_WIDTH has been set to the default value 21367 which is the width of the slc image.
2017-07-20 18:05:32,605 - isce.stdproc.resamp_slc - WARNING - No flattening requested
2017-07-20 18:05:59,979 - isce.stdproc.resamp_slc - WARNING - The variable INPUT_LINES has been set to the default value 1499 which is the number of lines in the slc image.
2017-07-20 18:05:59,992 - isce.stdproc.resamp_slc - WARNING - The variable INPUT_WIDTH has been set to the default value 21367 which is the width of the slc image.
2017-07-20 18:05:59,992 - isce.stdproc.resamp_slc - WARNING - No flattening requested
2017-07-20 18:06:15,108 - isce.stdproc.resamp_slc - WARNING - The variable INPUT_LINES has been set to the default value 1499 which is the number of lines in the slc image.
2017-07-20 18:06:15,119 - isce.stdproc.resamp_slc - WARNING - The variable INPUT_WIDTH has been set to the default value 21367 which is the width of the slc image.
2017-07-20 18:06:15,120 - isce.stdproc.resamp_slc - WARNING - No flattening requested
2017-07-20 18:06:28,853 - isce.stdproc.resamp_slc - WARNING - The variable INPUT_LINES has been set to the default value 1499 which is the number of lines in the slc image.
2017-07-20 18:06:28,854 - isce.stdproc.resamp_slc - WARNING - The variable INPUT_WIDTH has been set to the default value 21367 which is the width of the slc image.
2017-07-20 18:06:28,854 - isce.stdproc.resamp_slc - WARNING - No flattening requested
2017-07-20 18:06:57,378 - isce.stdproc.resamp_slc - WARNING - The variable INPUT_LINES has been set to the default value 1499 which is the number of lines in the slc image.
2017-07-20 18:06:57,389 - isce.stdproc.resamp_slc - WARNING - The variable INPUT_WIDTH has been set to the default value 21367 which is the width of the slc image.
2017-07-20 18:06:57,390 - isce.stdproc.resamp_slc - WARNING - No flattening requested
2017-07-20 18:07:11,717 - isce.stdproc.resamp_slc - WARNING - The variable INPUT_LINES has been set to the default value 1499 which is the number of lines in the slc image.
2017-07-20 18:07:11,733 - isce.stdproc.resamp_slc - WARNING - The variable INPUT_WIDTH has been set to the default value 21367 which is the width of the slc image.
2017-07-20 18:07:11,734 - isce.stdproc.resamp_slc - WARNING - No flattening requested
2017-07-20 18:07:26,269 - isce.stdproc.resamp_slc - WARNING - The variable INPUT_LINES has been set to the default value 1499 which is the number of lines in the slc image.
2017-07-20 18:07:26,294 - isce.stdproc.resamp_slc - WARNING - The variable INPUT_WIDTH has been set to the default value 21367 which is the width of the slc image.
2017-07-20 18:07:26,294 - isce.stdproc.resamp_slc - WARNING - No flattening requested
2017-07-20 18:07:51,191 - isce.stdproc.resamp_slc - WARNING - The variable INPUT_LINES has been set to the default value 1499 which is the number of lines in the slc image.
2017-07-20 18:07:51,211 - isce.stdproc.resamp_slc - WARNING - The variable INPUT_WIDTH has been set to the default value 21367 which is the width of the slc image.
2017-07-20 18:07:51,211 - isce.stdproc.resamp_slc - WARNING - No flattening requested
2017-07-20 18:08:05,226 - isce.stdproc.resamp_slc - WARNING - The variable INPUT_LINES has been set to the default value 1499 which is the number of lines in the slc image.
2017-07-20 18:08:05,227 - isce.stdproc.resamp_slc - WARNING - The variable INPUT_WIDTH has been set to the default value 21367 which is the width of the slc image.
2017-07-20 18:08:05,227 - isce.stdproc.resamp_slc - WARNING - No flattening requested
2017-07-20 18:08:21,029 - isce.stdproc.resamp_slc - WARNING - The variable INPUT_LINES has been set to the default value 1510 which is the number of lines in the slc image.
2017-07-20 18:08:21,040 - isce.stdproc.resamp_slc - WARNING - The variable INPUT_WIDTH has been set to the default value 25259 which is the width of the slc image.
2017-07-20 18:08:21,040 - isce.stdproc.resamp_slc - WARNING - No flattening requested
2017-07-20 18:08:59,711 - isce.stdproc.resamp_slc - WARNING - The variable INPUT_LINES has been set to the default value 1510 which is the number of lines in the slc image.
2017-07-20 18:08:59,855 - isce.stdproc.resamp_slc - WARNING - The variable INPUT_WIDTH has been set to the default value 25259 which is the width of the slc image.
2017-07-20 18:08:59,855 - isce.stdproc.resamp_slc - WARNING - No flattening requested
2017-07-20 18:09:16,982 - isce.stdproc.resamp_slc - WARNING - The variable INPUT_LINES has been set to the default value 1510 which is the number of lines in the slc image.
2017-07-20 18:09:16,982 - isce.stdproc.resamp_slc - WARNING - The variable INPUT_WIDTH has been set to the default value 25259 which is the width of the slc image.
2017-07-20 18:09:16,982 - isce.stdproc.resamp_slc - WARNING - No flattening requested
2017-07-20 18:09:33,445 - isce.stdproc.resamp_slc - WARNING - The variable INPUT_LINES has been set to the default value 1510 which is the number of lines in the slc image.
2017-07-20 18:09:33,460 - isce.stdproc.resamp_slc - WARNING - The variable INPUT_WIDTH has been set to the default value 25259 which is the width of the slc image.
2017-07-20 18:09:33,460 - isce.stdproc.resamp_slc - WARNING - No flattening requested
2017-07-20 18:09:49,632 - isce.stdproc.resamp_slc - WARNING - The variable INPUT_LINES has been set to the default value 1510 which is the number of lines in the slc image.
2017-07-20 18:09:49,648 - isce.stdproc.resamp_slc - WARNING - The variable INPUT_WIDTH has been set to the default value 25259 which is the width of the slc image.
2017-07-20 18:09:49,649 - isce.stdproc.resamp_slc - WARNING - No flattening requested
2017-07-20 18:10:17,562 - isce.stdproc.resamp_slc - WARNING - The variable INPUT_LINES has been set to the default value 1510 which is the number of lines in the slc image.
2017-07-20 18:10:17,575 - isce.stdproc.resamp_slc - WARNING - The variable INPUT_WIDTH has been set to the default value 25259 which is the width of the slc image.
2017-07-20 18:10:17,575 - isce.stdproc.resamp_slc - WARNING - No flattening requested
2017-07-20 18:10:33,998 - isce.stdproc.resamp_slc - WARNING - The variable INPUT_LINES has been set to the default value 1510 which is the number of lines in the slc image.
2017-07-20 18:10:34,011 - isce.stdproc.resamp_slc - WARNING - The variable INPUT_WIDTH has been set to the default value 25259 which is the width of the slc image.
2017-07-20 18:10:34,011 - isce.stdproc.resamp_slc - WARNING - No flattening requested
2017-07-20 18:10:50,872 - isce.stdproc.resamp_slc - WARNING - The variable INPUT_LINES has been set to the default value 1510 which is the number of lines in the slc image.
2017-07-20 18:10:50,888 - isce.stdproc.resamp_slc - WARNING - The variable INPUT_WIDTH has been set to the default value 25259 which is the width of the slc image.
2017-07-20 18:10:50,889 - isce.stdproc.resamp_slc - WARNING - No flattening requested
2017-07-20 18:11:19,714 - isce.stdproc.resamp_slc - WARNING - The variable INPUT_LINES has been set to the default value 1510 which is the number of lines in the slc image.
2017-07-20 18:11:19,737 - isce.stdproc.resamp_slc - WARNING - The variable INPUT_WIDTH has been set to the default value 25259 which is the width of the slc image.
2017-07-20 18:11:19,737 - isce.stdproc.resamp_slc - WARNING - No flattening requested
2017-07-20 18:11:37,621 - isce.stdproc.resamp_slc - WARNING - The variable INPUT_LINES has been set to the default value 1515 which is the number of lines in the slc image.
2017-07-20 18:11:37,640 - isce.stdproc.resamp_slc - WARNING - The variable INPUT_WIDTH has been set to the default value 24383 which is the width of the slc image.
2017-07-20 18:11:37,640 - isce.stdproc.resamp_slc - WARNING - No flattening requested
2017-07-20 18:12:25,382 - isce.stdproc.resamp_slc - WARNING - The variable INPUT_LINES has been set to the default value 1515 which is the number of lines in the slc image.
2017-07-20 18:12:25,400 - isce.stdproc.resamp_slc - WARNING - The variable INPUT_WIDTH has been set to the default value 24383 which is the width of the slc image.
2017-07-20 18:12:25,400 - isce.stdproc.resamp_slc - WARNING - No flattening requested
2017-07-20 18:12:44,547 - isce.stdproc.resamp_slc - WARNING - The variable INPUT_LINES has been set to the default value 1515 which is the number of lines in the slc image.
2017-07-20 18:12:44,570 - isce.stdproc.resamp_slc - WARNING - The variable INPUT_WIDTH has been set to the default value 24383 which is the width of the slc image.
2017-07-20 18:12:44,570 - isce.stdproc.resamp_slc - WARNING - No flattening requested
2017-07-20 18:13:01,343 - isce.stdproc.resamp_slc - WARNING - The variable INPUT_LINES has been set to the default value 1515 which is the number of lines in the slc image.
2017-07-20 18:13:01,364 - isce.stdproc.resamp_slc - WARNING - The variable INPUT_WIDTH has been set to the default value 24383 which is the width of the slc image.
2017-07-20 18:13:01,364 - isce.stdproc.resamp_slc - WARNING - No flattening requested
2017-07-20 18:13:30,325 - isce.stdproc.resamp_slc - WARNING - The variable INPUT_LINES has been set to the default value 1515 which is the number of lines in the slc image.
2017-07-20 18:13:30,346 - isce.stdproc.resamp_slc - WARNING - The variable INPUT_WIDTH has been set to the default value 24383 which is the width of the slc image.
2017-07-20 18:13:30,346 - isce.stdproc.resamp_slc - WARNING - No flattening requested
2017-07-20 18:13:47,113 - isce.stdproc.resamp_slc - WARNING - The variable INPUT_LINES has been set to the default value 1515 which is the number of lines in the slc image.
2017-07-20 18:13:47,123 - isce.stdproc.resamp_slc - WARNING - The variable INPUT_WIDTH has been set to the default value 24383 which is the width of the slc image.
2017-07-20 18:13:47,123 - isce.stdproc.resamp_slc - WARNING - No flattening requested
2017-07-20 18:14:04,015 - isce.stdproc.resamp_slc - WARNING - The variable INPUT_LINES has been set to the default value 1515 which is the number of lines in the slc image.
2017-07-20 18:14:04,034 - isce.stdproc.resamp_slc - WARNING - The variable INPUT_WIDTH has been set to the default value 24383 which is the width of the slc image.
2017-07-20 18:14:04,034 - isce.stdproc.resamp_slc - WARNING - No flattening requested
2017-07-20 18:14:41,420 - isce.stdproc.resamp_slc - WARNING - The variable INPUT_LINES has been set to the default value 1515 which is the number of lines in the slc image.
2017-07-20 18:14:41,465 - isce.stdproc.resamp_slc - WARNING - The variable INPUT_WIDTH has been set to the default value 24383 which is the width of the slc image.
2017-07-20 18:14:41,465 - isce.stdproc.resamp_slc - WARNING - No flattening requested
2017-07-20 18:15:00,374 - isce.stdproc.resamp_slc - WARNING - The variable INPUT_LINES has been set to the default value 1515 which is the number of lines in the slc image.
2017-07-20 18:15:00,384 - isce.stdproc.resamp_slc - WARNING - The variable INPUT_WIDTH has been set to the default value 24383 which is the width of the slc image.
2017-07-20 18:15:00,385 - isce.stdproc.resamp_slc - WARNING - No flattening requested
2017-07-20 18:15:57,614 - isce.mroipac.correlation - INFO - Calculating Correlation
2017-07-20 18:17:05,350 - isce.mroipac.correlation - INFO - Calculating Correlation
2017-07-20 18:17:50,924 - isce.mroipac.correlation - INFO - Calculating Correlation
2017-07-20 18:19:03,343 - isce.mroipac.correlation - INFO - Calculating Correlation
2017-07-20 18:19:58,730 - isce.mroipac.correlation - INFO - Calculating Correlation
2017-07-20 18:21:06,647 - isce.mroipac.correlation - INFO - Calculating Correlation
2017-07-20 18:21:58,673 - isce.mroipac.correlation - INFO - Calculating Correlation
2017-07-20 18:22:35,444 - isce.mroipac.correlation - INFO - Calculating Correlation
2017-07-20 18:23:26,629 - isce.mroipac.correlation - INFO - Calculating Correlation
2017-07-20 18:24:48,207 - isce.mroipac.correlation - INFO - Calculating Correlation
2017-07-20 18:25:44,005 - isce.mroipac.correlation - INFO - Calculating Correlation
2017-07-20 18:26:38,256 - isce.mroipac.correlation - INFO - Calculating Correlation
2017-07-20 18:27:52,350 - isce.mroipac.correlation - INFO - Calculating Correlation
2017-07-20 18:29:02,193 - isce.mroipac.correlation - INFO - Calculating Correlation
2017-07-20 18:30:18,193 - isce.mroipac.correlation - INFO - Calculating Correlation
2017-07-20 18:31:22,970 - isce.mroipac.correlation - INFO - Calculating Correlation
2017-07-20 18:33:09,471 - isce.mroipac.correlation - INFO - Calculating Correlation
2017-07-20 18:34:20,155 - isce.mroipac.correlation - INFO - Calculating Correlation
2017-07-20 18:35:27,441 - isce.mroipac.correlation - INFO - Calculating Correlation
2017-07-20 18:36:35,331 - isce.mroipac.correlation - INFO - Calculating Correlation
2017-07-20 18:37:44,092 - isce.mroipac.correlation - INFO - Calculating Correlation
2017-07-20 18:38:50,831 - isce.mroipac.correlation - INFO - Calculating Correlation
2017-07-20 18:40:18,217 - isce.mroipac.correlation - INFO - Calculating Correlation
2017-07-20 18:41:53,544 - isce.mroipac.correlation - INFO - Calculating Correlation
2017-07-20 18:42:56,074 - isce.mroipac.correlation - INFO - Calculating Correlation
2017-07-20 18:44:11,270 - isce.mroipac.correlation - INFO - Calculating Correlation
2017-07-20 18:45:28,947 - isce.mroipac.correlation - INFO - Calculating Correlation
2017-07-20 18:56:21,118 - isce.topsinsar.runFilter - INFO - Applying power-spectral filter
2017-07-20 18:56:21,201 - isce.mroipac.filter - DEBUG - width: 3574
2017-07-20 18:56:21,201 - isce.mroipac.filter - DEBUG - length: 1873
2017-07-20 18:56:21,201 - isce.mroipac.filter - DEBUG - input: merged/topophase.flat
2017-07-20 18:56:21,201 - isce.mroipac.filter - DEBUG - output: merged/filt_topophase.flat
2017-07-20 18:56:21,201 - isce.mroipac.filter - DEBUG - filter strength: 0.5
2017-07-20 18:56:21,201 - isce.mroipac.filter - INFO - Filtering interferogram
2017-07-20 19:02:49,208 - isce.topsinsar.runGeocode - INFO - Geocoding Image
2017-07-20 19:24:23,509 - isce.topsinsar.runGeocode - INFO - 
####################################################################################################
    runGeocode
----------------------------------------------------------------------------------------------------
geocode.Azimuth looks = 7
geocode.Dem Used = /Users/scott/Data/dems/demLat_N39_N53_Lon_W127_W116.dem.wgs84
geocode.East = -121.49972222222222
geocode.Geocoding:  = merged/filt_topophase.flat
geocode.Length = 1873
geocode.North = 49.500277777777775
geocode.Output file:  = merged/filt_topophase.flat.geo
geocode.Range looks = 19
geocode.South = 46.5
geocode.West = -123.5
geocode.Width = 3574
####################################################################################################
2017-07-20 19:24:23,566 - isce.topsinsar.runGeocode - INFO - Geocoding Image
